============================= test session starts ==============================
platform linux -- Python 3.12.3, pytest-9.0.2, pluggy-1.6.0
rootdir: /home/maksym/Work/proj/HereCRM-combined/HereCRM
configfile: pyproject.toml
plugins: hypothesis-6.151.3, anyio-4.12.1, asyncio-1.3.0, schemathesis-4.9.4
asyncio: mode=Mode.AUTO, debug=False, asyncio_default_fixture_loop_scope=function, asyncio_default_test_loop_scope=function
collected 9 items

tests/test_messaging_service.py F........                                [100%]

=================================== FAILURES ===================================
____________________ test_send_message_creates_message_log _____________________

    @pytest.mark.asyncio
    async def test_send_message_creates_message_log():
        """Test that send_message creates a MessageLog entry in the database."""
        service = MessagingService()
    
        # Mock _send_whatsapp to avoid hitting API
        with patch.object(MessagingService, "_send_whatsapp", return_value=(True, "mock_id")):
            # Send a message
            message_log = await service.send_message(
                recipient_phone="+1234567890",
                content="Test message",
                channel=MessageType.WHATSAPP,
                trigger_source=MessageTriggerSource.API,
            )
    
        # Verify MessageLog was created
        assert message_log is not None
        assert message_log.id is not None
        assert message_log.recipient_phone == "+1234567890"
        assert message_log.content == "Test message"
        assert message_log.message_type == MessageType.WHATSAPP
>       assert message_log.trigger_source == MessageTriggerSource.MANUAL
E       AssertionError: assert <MessageTrigg...ce.API: 'API'> == <MessageTrigg...UAL: 'MANUAL'>
E         
E         - MANUAL
E         + API

tests/test_messaging_service.py:32: AssertionError
---------------------------- Captured stderr setup -----------------------------
INFO:sqlalchemy.engine.Engine:BEGIN (implicit)
INFO:sqlalchemy.engine.Engine:PRAGMA main.table_info("integration_configs")
INFO:sqlalchemy.engine.Engine:[raw sql] ()
INFO:sqlalchemy.engine.Engine:PRAGMA temp.table_info("integration_configs")
INFO:sqlalchemy.engine.Engine:[raw sql] ()
INFO:sqlalchemy.engine.Engine:PRAGMA main.table_info("documents")
INFO:sqlalchemy.engine.Engine:[raw sql] ()
INFO:sqlalchemy.engine.Engine:PRAGMA temp.table_info("documents")
INFO:sqlalchemy.engine.Engine:[raw sql] ()
INFO:sqlalchemy.engine.Engine:PRAGMA main.table_info("campaigns")
INFO:sqlalchemy.engine.Engine:[raw sql] ()
INFO:sqlalchemy.engine.Engine:PRAGMA temp.table_info("campaigns")
INFO:sqlalchemy.engine.Engine:[raw sql] ()
INFO:sqlalchemy.engine.Engine:PRAGMA main.table_info("campaign_recipients")
INFO:sqlalchemy.engine.Engine:[raw sql] ()
INFO:sqlalchemy.engine.Engine:PRAGMA temp.table_info("campaign_recipients")
INFO:sqlalchemy.engine.Engine:[raw sql] ()
INFO:sqlalchemy.engine.Engine:PRAGMA main.table_info("whatsapp_templates")
INFO:sqlalchemy.engine.Engine:[raw sql] ()
INFO:sqlalchemy.engine.Engine:PRAGMA temp.table_info("whatsapp_templates")
INFO:sqlalchemy.engine.Engine:[raw sql] ()
INFO:sqlalchemy.engine.Engine:PRAGMA main.table_info("businesses")
INFO:sqlalchemy.engine.Engine:[raw sql] ()
INFO:sqlalchemy.engine.Engine:PRAGMA temp.table_info("businesses")
INFO:sqlalchemy.engine.Engine:[raw sql] ()
INFO:sqlalchemy.engine.Engine:PRAGMA main.table_info("users")
INFO:sqlalchemy.engine.Engine:[raw sql] ()
INFO:sqlalchemy.engine.Engine:PRAGMA temp.table_info("users")
INFO:sqlalchemy.engine.Engine:[raw sql] ()
INFO:sqlalchemy.engine.Engine:PRAGMA main.table_info("services")
INFO:sqlalchemy.engine.Engine:[raw sql] ()
INFO:sqlalchemy.engine.Engine:PRAGMA temp.table_info("services")
INFO:sqlalchemy.engine.Engine:[raw sql] ()
INFO:sqlalchemy.engine.Engine:PRAGMA main.table_info("line_items")
INFO:sqlalchemy.engine.Engine:[raw sql] ()
INFO:sqlalchemy.engine.Engine:PRAGMA temp.table_info("line_items")
INFO:sqlalchemy.engine.Engine:[raw sql] ()
INFO:sqlalchemy.engine.Engine:PRAGMA main.table_info("customers")
INFO:sqlalchemy.engine.Engine:[raw sql] ()
INFO:sqlalchemy.engine.Engine:PRAGMA temp.table_info("customers")
INFO:sqlalchemy.engine.Engine:[raw sql] ()
INFO:sqlalchemy.engine.Engine:PRAGMA main.table_info("customer_availability")
INFO:sqlalchemy.engine.Engine:[raw sql] ()
INFO:sqlalchemy.engine.Engine:PRAGMA temp.table_info("customer_availability")
INFO:sqlalchemy.engine.Engine:[raw sql] ()
INFO:sqlalchemy.engine.Engine:PRAGMA main.table_info("jobs")
INFO:sqlalchemy.engine.Engine:[raw sql] ()
INFO:sqlalchemy.engine.Engine:PRAGMA temp.table_info("jobs")
INFO:sqlalchemy.engine.Engine:[raw sql] ()
INFO:sqlalchemy.engine.Engine:PRAGMA main.table_info("requests")
INFO:sqlalchemy.engine.Engine:[raw sql] ()
INFO:sqlalchemy.engine.Engine:PRAGMA temp.table_info("requests")
INFO:sqlalchemy.engine.Engine:[raw sql] ()
INFO:sqlalchemy.engine.Engine:PRAGMA main.table_info("conversation_states")
INFO:sqlalchemy.engine.Engine:[raw sql] ()
INFO:sqlalchemy.engine.Engine:PRAGMA temp.table_info("conversation_states")
INFO:sqlalchemy.engine.Engine:[raw sql] ()
INFO:sqlalchemy.engine.Engine:PRAGMA main.table_info("invoices")
INFO:sqlalchemy.engine.Engine:[raw sql] ()
INFO:sqlalchemy.engine.Engine:PRAGMA temp.table_info("invoices")
INFO:sqlalchemy.engine.Engine:[raw sql] ()
INFO:sqlalchemy.engine.Engine:PRAGMA main.table_info("messages")
INFO:sqlalchemy.engine.Engine:[raw sql] ()
INFO:sqlalchemy.engine.Engine:PRAGMA temp.table_info("messages")
INFO:sqlalchemy.engine.Engine:[raw sql] ()
INFO:sqlalchemy.engine.Engine:PRAGMA main.table_info("import_jobs")
INFO:sqlalchemy.engine.Engine:[raw sql] ()
INFO:sqlalchemy.engine.Engine:PRAGMA temp.table_info("import_jobs")
INFO:sqlalchemy.engine.Engine:[raw sql] ()
INFO:sqlalchemy.engine.Engine:PRAGMA main.table_info("quotes")
INFO:sqlalchemy.engine.Engine:[raw sql] ()
INFO:sqlalchemy.engine.Engine:PRAGMA temp.table_info("quotes")
INFO:sqlalchemy.engine.Engine:[raw sql] ()
INFO:sqlalchemy.engine.Engine:PRAGMA main.table_info("quote_line_items")
INFO:sqlalchemy.engine.Engine:[raw sql] ()
INFO:sqlalchemy.engine.Engine:PRAGMA temp.table_info("quote_line_items")
INFO:sqlalchemy.engine.Engine:[raw sql] ()
INFO:sqlalchemy.engine.Engine:PRAGMA main.table_info("export_requests")
INFO:sqlalchemy.engine.Engine:[raw sql] ()
INFO:sqlalchemy.engine.Engine:PRAGMA temp.table_info("export_requests")
INFO:sqlalchemy.engine.Engine:[raw sql] ()
INFO:sqlalchemy.engine.Engine:PRAGMA main.table_info("message_logs")
INFO:sqlalchemy.engine.Engine:[raw sql] ()
INFO:sqlalchemy.engine.Engine:PRAGMA temp.table_info("message_logs")
INFO:sqlalchemy.engine.Engine:[raw sql] ()
INFO:sqlalchemy.engine.Engine:PRAGMA main.table_info("payments")
INFO:sqlalchemy.engine.Engine:[raw sql] ()
INFO:sqlalchemy.engine.Engine:PRAGMA temp.table_info("payments")
INFO:sqlalchemy.engine.Engine:[raw sql] ()
INFO:sqlalchemy.engine.Engine:PRAGMA main.table_info("sync_logs")
INFO:sqlalchemy.engine.Engine:[raw sql] ()
INFO:sqlalchemy.engine.Engine:PRAGMA temp.table_info("sync_logs")
INFO:sqlalchemy.engine.Engine:[raw sql] ()
INFO:sqlalchemy.engine.Engine:PRAGMA main.table_info("invitations")
INFO:sqlalchemy.engine.Engine:[raw sql] ()
INFO:sqlalchemy.engine.Engine:PRAGMA temp.table_info("invitations")
INFO:sqlalchemy.engine.Engine:[raw sql] ()
INFO:sqlalchemy.engine.Engine:PRAGMA main.table_info("wage_configurations")
INFO:sqlalchemy.engine.Engine:[raw sql] ()
INFO:sqlalchemy.engine.Engine:PRAGMA temp.table_info("wage_configurations")
INFO:sqlalchemy.engine.Engine:[raw sql] ()
INFO:sqlalchemy.engine.Engine:PRAGMA main.table_info("expenses")
INFO:sqlalchemy.engine.Engine:[raw sql] ()
INFO:sqlalchemy.engine.Engine:PRAGMA temp.table_info("expenses")
INFO:sqlalchemy.engine.Engine:[raw sql] ()
INFO:sqlalchemy.engine.Engine:PRAGMA main.table_info("ledger_entries")
INFO:sqlalchemy.engine.Engine:[raw sql] ()
INFO:sqlalchemy.engine.Engine:PRAGMA temp.table_info("ledger_entries")
INFO:sqlalchemy.engine.Engine:[raw sql] ()
INFO:sqlalchemy.engine.Engine:
CREATE TABLE businesses (
	id INTEGER NOT NULL, 
	name VARCHAR NOT NULL, 
	payment_link VARCHAR, 
	created_at DATETIME NOT NULL, 
	stripe_customer_id VARCHAR, 
	stripe_subscription_id VARCHAR, 
	subscription_status VARCHAR(4) NOT NULL, 
	seat_limit INTEGER NOT NULL, 
	active_addons JSON NOT NULL, 
	quickbooks_connected BOOLEAN NOT NULL, 
	quickbooks_last_sync DATETIME, 
	clerk_org_id VARCHAR, 
	workflow_invoicing VARCHAR(9), 
	workflow_quoting VARCHAR(9), 
	workflow_payment_timing VARCHAR(20), 
	workflow_tax_inclusive BOOLEAN, 
	workflow_include_payment_terms BOOLEAN, 
	workflow_enable_reminders BOOLEAN, 
	workflow_show_whatsapp_button BOOLEAN, 
	workflow_pipeline_quoted_stage BOOLEAN NOT NULL, 
	workflow_job_creation_default VARCHAR(15), 
	workflow_distance_unit VARCHAR(10) NOT NULL, 
	workflow_auto_quote_followup BOOLEAN NOT NULL, 
	workflow_quote_followup_delay_hrs INTEGER NOT NULL, 
	workflow_auto_review_requests BOOLEAN NOT NULL, 
	workflow_review_request_delay_hrs INTEGER NOT NULL, 
	workflow_review_link VARCHAR, 
	marketing_settings JSON NOT NULL, 
	default_city VARCHAR, 
	default_country VARCHAR, 
	default_tax_rate FLOAT NOT NULL, 
	invite_code VARCHAR(20), 
	message_count_current_period INTEGER NOT NULL, 
	billing_cycle_anchor DATETIME, 
	message_credits INTEGER NOT NULL, 
	PRIMARY KEY (id), 
	UNIQUE (clerk_org_id)
)


INFO:sqlalchemy.engine.Engine:[no key 0.00014s] ()
INFO:sqlalchemy.engine.Engine:CREATE UNIQUE INDEX ix_businesses_invite_code ON businesses (invite_code)
INFO:sqlalchemy.engine.Engine:[no key 0.00007s] ()
INFO:sqlalchemy.engine.Engine:CREATE INDEX ix_businesses_name ON businesses (name)
INFO:sqlalchemy.engine.Engine:[no key 0.00007s] ()
INFO:sqlalchemy.engine.Engine:
CREATE TABLE integration_configs (
	id CHAR(32) NOT NULL, 
	business_id INTEGER NOT NULL, 
	type VARCHAR(11) NOT NULL, 
	label VARCHAR, 
	key_hash VARCHAR, 
	config_payload JSON NOT NULL, 
	is_active BOOLEAN NOT NULL, 
	created_at DATETIME NOT NULL, 
	updated_at DATETIME NOT NULL, 
	PRIMARY KEY (id), 
	FOREIGN KEY(business_id) REFERENCES businesses (id)
)


INFO:sqlalchemy.engine.Engine:[no key 0.00008s] ()
INFO:sqlalchemy.engine.Engine:CREATE INDEX ix_integration_configs_type ON integration_configs (type)
INFO:sqlalchemy.engine.Engine:[no key 0.00007s] ()
INFO:sqlalchemy.engine.Engine:CREATE INDEX ix_integration_configs_business_id ON integration_configs (business_id)
INFO:sqlalchemy.engine.Engine:[no key 0.00007s] ()
INFO:sqlalchemy.engine.Engine:CREATE UNIQUE INDEX ix_integration_configs_key_hash ON integration_configs (key_hash)
INFO:sqlalchemy.engine.Engine:[no key 0.00009s] ()
INFO:sqlalchemy.engine.Engine:
CREATE TABLE campaigns (
	id INTEGER NOT NULL, 
	business_id INTEGER NOT NULL, 
	name VARCHAR NOT NULL, 
	description TEXT, 
	channel VARCHAR(8) NOT NULL, 
	status VARCHAR(9) NOT NULL, 
	template_id VARCHAR, 
	subject VARCHAR, 
	body TEXT NOT NULL, 
	recipient_query VARCHAR, 
	total_recipients INTEGER NOT NULL, 
	sent_count INTEGER NOT NULL, 
	failed_count INTEGER NOT NULL, 
	estimated_cost FLOAT NOT NULL, 
	created_at DATETIME NOT NULL, 
	scheduled_at DATETIME, 
	sent_at DATETIME, 
	completed_at DATETIME, 
	PRIMARY KEY (id), 
	FOREIGN KEY(business_id) REFERENCES businesses (id)
)


INFO:sqlalchemy.engine.Engine:[no key 0.00008s] ()
INFO:sqlalchemy.engine.Engine:CREATE INDEX ix_campaigns_name ON campaigns (name)
INFO:sqlalchemy.engine.Engine:[no key 0.00010s] ()
INFO:sqlalchemy.engine.Engine:CREATE INDEX ix_campaigns_business_id ON campaigns (business_id)
INFO:sqlalchemy.engine.Engine:[no key 0.00007s] ()
INFO:sqlalchemy.engine.Engine:
CREATE TABLE whatsapp_templates (
	id INTEGER NOT NULL, 
	business_id INTEGER NOT NULL, 
	name VARCHAR NOT NULL, 
	language VARCHAR NOT NULL, 
	category VARCHAR(14) NOT NULL, 
	components JSON NOT NULL, 
	status VARCHAR(8) NOT NULL, 
	meta_template_id VARCHAR, 
	rejection_reason TEXT, 
	created_at DATETIME NOT NULL, 
	updated_at DATETIME NOT NULL, 
	PRIMARY KEY (id), 
	FOREIGN KEY(business_id) REFERENCES businesses (id)
)


INFO:sqlalchemy.engine.Engine:[no key 0.00015s] ()
INFO:sqlalchemy.engine.Engine:CREATE INDEX ix_whatsapp_templates_name ON whatsapp_templates (name)
INFO:sqlalchemy.engine.Engine:[no key 0.00008s] ()
INFO:sqlalchemy.engine.Engine:CREATE INDEX ix_whatsapp_templates_meta_template_id ON whatsapp_templates (meta_template_id)
INFO:sqlalchemy.engine.Engine:[no key 0.00007s] ()
INFO:sqlalchemy.engine.Engine:CREATE INDEX ix_whatsapp_templates_business_id ON whatsapp_templates (business_id)
INFO:sqlalchemy.engine.Engine:[no key 0.00007s] ()
INFO:sqlalchemy.engine.Engine:
CREATE TABLE users (
	id INTEGER NOT NULL, 
	name VARCHAR, 
	phone_number VARCHAR, 
	email VARCHAR, 
	business_id INTEGER NOT NULL, 
	role VARCHAR(8) NOT NULL, 
	created_at DATETIME NOT NULL, 
	preferred_channel VARCHAR(8) NOT NULL, 
	preferences JSON NOT NULL, 
	timezone VARCHAR NOT NULL, 
	default_start_location_lat FLOAT, 
	default_start_location_lng FLOAT, 
	google_calendar_credentials JSON, 
	google_calendar_sync_enabled BOOLEAN NOT NULL, 
	clerk_id VARCHAR, 
	current_latitude FLOAT, 
	current_longitude FLOAT, 
	location_updated_at DATETIME, 
	current_shift_start DATETIME, 
	geocoding_count INTEGER NOT NULL, 
	PRIMARY KEY (id), 
	UNIQUE (phone_number), 
	UNIQUE (email), 
	FOREIGN KEY(business_id) REFERENCES businesses (id), 
	UNIQUE (clerk_id)
)


INFO:sqlalchemy.engine.Engine:[no key 0.00009s] ()
INFO:sqlalchemy.engine.Engine:CREATE INDEX ix_users_business_id ON users (business_id)
INFO:sqlalchemy.engine.Engine:[no key 0.00007s] ()
INFO:sqlalchemy.engine.Engine:
CREATE TABLE services (
	id INTEGER NOT NULL, 
	business_id INTEGER NOT NULL, 
	name VARCHAR NOT NULL, 
	description TEXT, 
	default_price FLOAT NOT NULL, 
	created_at DATETIME NOT NULL, 
	estimated_duration INTEGER NOT NULL, 
	quickbooks_id VARCHAR(50), 
	quickbooks_synced_at DATETIME, 
	quickbooks_sync_status VARCHAR(7), 
	quickbooks_sync_error TEXT, 
	PRIMARY KEY (id), 
	FOREIGN KEY(business_id) REFERENCES businesses (id)
)


INFO:sqlalchemy.engine.Engine:[no key 0.00008s] ()
INFO:sqlalchemy.engine.Engine:CREATE INDEX ix_services_name ON services (name)
INFO:sqlalchemy.engine.Engine:[no key 0.00007s] ()
INFO:sqlalchemy.engine.Engine:CREATE INDEX ix_services_quickbooks_id ON services (quickbooks_id)
INFO:sqlalchemy.engine.Engine:[no key 0.00008s] ()
INFO:sqlalchemy.engine.Engine:CREATE INDEX ix_services_business_id ON services (business_id)
INFO:sqlalchemy.engine.Engine:[no key 0.00008s] ()
INFO:sqlalchemy.engine.Engine:
CREATE TABLE customers (
	id INTEGER NOT NULL, 
	business_id INTEGER NOT NULL, 
	name VARCHAR, 
	first_name VARCHAR, 
	last_name VARCHAR, 
	phone VARCHAR, 
	email VARCHAR, 
	details TEXT, 
	street VARCHAR, 
	city VARCHAR, 
	country VARCHAR, 
	postal_code VARCHAR, 
	original_address_input VARCHAR, 
	latitude FLOAT, 
	longitude FLOAT, 
	pipeline_stage VARCHAR(19) NOT NULL, 
	created_at DATETIME NOT NULL, 
	quickbooks_id VARCHAR(50), 
	quickbooks_synced_at DATETIME, 
	quickbooks_sync_status VARCHAR(7), 
	quickbooks_sync_error TEXT, 
	PRIMARY KEY (id), 
	FOREIGN KEY(business_id) REFERENCES businesses (id)
)


INFO:sqlalchemy.engine.Engine:[no key 0.00010s] ()
INFO:sqlalchemy.engine.Engine:CREATE INDEX ix_customers_name ON customers (name)
INFO:sqlalchemy.engine.Engine:[no key 0.00008s] ()
INFO:sqlalchemy.engine.Engine:CREATE INDEX ix_customers_business_id ON customers (business_id)
INFO:sqlalchemy.engine.Engine:[no key 0.00007s] ()
INFO:sqlalchemy.engine.Engine:CREATE INDEX ix_customers_quickbooks_id ON customers (quickbooks_id)
INFO:sqlalchemy.engine.Engine:[no key 0.00007s] ()
INFO:sqlalchemy.engine.Engine:CREATE INDEX ix_customers_email ON customers (email)
INFO:sqlalchemy.engine.Engine:[no key 0.00008s] ()
INFO:sqlalchemy.engine.Engine:
CREATE TABLE import_jobs (
	id INTEGER NOT NULL, 
	business_id INTEGER NOT NULL, 
	status VARCHAR(10) NOT NULL, 
	file_url VARCHAR NOT NULL, 
	filename VARCHAR, 
	record_count INTEGER NOT NULL, 
	error_log JSON, 
	created_at DATETIME NOT NULL, 
	completed_at DATETIME, 
	PRIMARY KEY (id), 
	FOREIGN KEY(business_id) REFERENCES businesses (id)
)


INFO:sqlalchemy.engine.Engine:[no key 0.00008s] ()
INFO:sqlalchemy.engine.Engine:CREATE INDEX ix_import_jobs_business_id ON import_jobs (business_id)
INFO:sqlalchemy.engine.Engine:[no key 0.00007s] ()
INFO:sqlalchemy.engine.Engine:
CREATE TABLE export_requests (
	id INTEGER NOT NULL, 
	business_id INTEGER NOT NULL, 
	status VARCHAR(10) NOT NULL, 
	"query" TEXT NOT NULL, 
	format VARCHAR(5) NOT NULL, 
	s3_key VARCHAR, 
	public_url VARCHAR, 
	error_log TEXT, 
	created_at DATETIME NOT NULL, 
	PRIMARY KEY (id), 
	FOREIGN KEY(business_id) REFERENCES businesses (id)
)


INFO:sqlalchemy.engine.Engine:[no key 0.00007s] ()
INFO:sqlalchemy.engine.Engine:CREATE INDEX ix_export_requests_business_id ON export_requests (business_id)
INFO:sqlalchemy.engine.Engine:[no key 0.00007s] ()
INFO:sqlalchemy.engine.Engine:
CREATE TABLE message_logs (
	id INTEGER NOT NULL, 
	business_id INTEGER, 
	recipient_phone VARCHAR NOT NULL, 
	content TEXT NOT NULL, 
	message_type VARCHAR(8) NOT NULL, 
	status VARCHAR(7) NOT NULL, 
	trigger_source VARCHAR(20) NOT NULL, 
	external_id VARCHAR, 
	log_metadata JSON, 
	created_at DATETIME NOT NULL, 
	sent_at DATETIME, 
	error_message TEXT, 
	PRIMARY KEY (id), 
	FOREIGN KEY(business_id) REFERENCES businesses (id)
)


INFO:sqlalchemy.engine.Engine:[no key 0.00010s] ()
INFO:sqlalchemy.engine.Engine:CREATE INDEX ix_message_logs_recipient_phone ON message_logs (recipient_phone)
INFO:sqlalchemy.engine.Engine:[no key 0.00008s] ()
INFO:sqlalchemy.engine.Engine:CREATE INDEX ix_message_logs_business_id ON message_logs (business_id)
INFO:sqlalchemy.engine.Engine:[no key 0.00007s] ()
INFO:sqlalchemy.engine.Engine:
CREATE TABLE sync_logs (
	id INTEGER NOT NULL, 
	business_id INTEGER NOT NULL, 
	sync_timestamp DATETIME NOT NULL, 
	sync_type VARCHAR(9) NOT NULL, 
	records_processed INTEGER NOT NULL, 
	records_succeeded INTEGER NOT NULL, 
	records_failed INTEGER NOT NULL, 
	status VARCHAR(15) NOT NULL, 
	error_details JSON, 
	duration_seconds FLOAT, 
	PRIMARY KEY (id), 
	FOREIGN KEY(business_id) REFERENCES businesses (id)
)


INFO:sqlalchemy.engine.Engine:[no key 0.00008s] ()
INFO:sqlalchemy.engine.Engine:CREATE INDEX ix_sync_logs_business_id ON sync_logs (business_id)
INFO:sqlalchemy.engine.Engine:[no key 0.00009s] ()
INFO:sqlalchemy.engine.Engine:
CREATE TABLE documents (
	id INTEGER NOT NULL, 
	customer_id INTEGER NOT NULL, 
	filename VARCHAR NOT NULL, 
	s3_key VARCHAR NOT NULL, 
	public_url VARCHAR NOT NULL, 
	mime_type VARCHAR NOT NULL, 
	doc_type VARCHAR(15) NOT NULL, 
	created_at DATETIME NOT NULL, 
	PRIMARY KEY (id), 
	FOREIGN KEY(customer_id) REFERENCES customers (id)
)


INFO:sqlalchemy.engine.Engine:[no key 0.00008s] ()
INFO:sqlalchemy.engine.Engine:CREATE INDEX ix_documents_customer_id ON documents (customer_id)
INFO:sqlalchemy.engine.Engine:[no key 0.00008s] ()
INFO:sqlalchemy.engine.Engine:
CREATE TABLE campaign_recipients (
	id INTEGER NOT NULL, 
	campaign_id INTEGER NOT NULL, 
	customer_id INTEGER NOT NULL, 
	status VARCHAR(7) NOT NULL, 
	sent_at DATETIME, 
	error_message TEXT, 
	external_id VARCHAR, 
	PRIMARY KEY (id), 
	FOREIGN KEY(campaign_id) REFERENCES campaigns (id), 
	FOREIGN KEY(customer_id) REFERENCES customers (id)
)


INFO:sqlalchemy.engine.Engine:[no key 0.00008s] ()
INFO:sqlalchemy.engine.Engine:CREATE INDEX ix_campaign_recipients_customer_id ON campaign_recipients (customer_id)
INFO:sqlalchemy.engine.Engine:[no key 0.00009s] ()
INFO:sqlalchemy.engine.Engine:CREATE INDEX ix_campaign_recipients_campaign_id ON campaign_recipients (campaign_id)
INFO:sqlalchemy.engine.Engine:[no key 0.00010s] ()
INFO:sqlalchemy.engine.Engine:
CREATE TABLE customer_availability (
	id INTEGER NOT NULL, 
	customer_id INTEGER NOT NULL, 
	start_time DATETIME NOT NULL, 
	end_time DATETIME NOT NULL, 
	is_available BOOLEAN NOT NULL, 
	PRIMARY KEY (id), 
	FOREIGN KEY(customer_id) REFERENCES customers (id)
)


INFO:sqlalchemy.engine.Engine:[no key 0.00009s] ()
INFO:sqlalchemy.engine.Engine:CREATE INDEX ix_customer_availability_customer_id ON customer_availability (customer_id)
INFO:sqlalchemy.engine.Engine:[no key 0.00007s] ()
INFO:sqlalchemy.engine.Engine:
CREATE TABLE jobs (
	id INTEGER NOT NULL, 
	business_id INTEGER NOT NULL, 
	customer_id INTEGER NOT NULL, 
	description TEXT, 
	status VARCHAR(11) NOT NULL, 
	value FLOAT, 
	subtotal FLOAT, 
	tax_amount FLOAT, 
	tax_rate FLOAT, 
	location VARCHAR, 
	latitude FLOAT, 
	longitude FLOAT, 
	postal_code VARCHAR, 
	paid BOOLEAN NOT NULL, 
	gcal_event_id VARCHAR, 
	scheduled_at DATETIME, 
	created_at DATETIME NOT NULL, 
	estimated_duration INTEGER NOT NULL, 
	begun_at DATETIME, 
	completed_at DATETIME, 
	total_actual_duration_seconds INTEGER NOT NULL, 
	employee_id INTEGER, 
	PRIMARY KEY (id), 
	FOREIGN KEY(business_id) REFERENCES businesses (id), 
	FOREIGN KEY(customer_id) REFERENCES customers (id), 
	FOREIGN KEY(employee_id) REFERENCES users (id)
)


INFO:sqlalchemy.engine.Engine:[no key 0.00008s] ()
INFO:sqlalchemy.engine.Engine:CREATE INDEX ix_jobs_employee_id ON jobs (employee_id)
INFO:sqlalchemy.engine.Engine:[no key 0.00007s] ()
INFO:sqlalchemy.engine.Engine:CREATE INDEX ix_jobs_business_id ON jobs (business_id)
INFO:sqlalchemy.engine.Engine:[no key 0.00007s] ()
INFO:sqlalchemy.engine.Engine:CREATE INDEX ix_jobs_customer_id ON jobs (customer_id)
INFO:sqlalchemy.engine.Engine:[no key 0.00007s] ()
INFO:sqlalchemy.engine.Engine:
CREATE TABLE requests (
	id INTEGER NOT NULL, 
	business_id INTEGER NOT NULL, 
	customer_id INTEGER, 
	description TEXT NOT NULL, 
	status VARCHAR(9) NOT NULL, 
	urgency VARCHAR(6) NOT NULL, 
	expected_value FLOAT, 
	subtotal FLOAT NOT NULL, 
	tax_amount FLOAT NOT NULL, 
	tax_rate FLOAT NOT NULL, 
	follow_up_date DATETIME, 
	customer_details JSON, 
	created_at DATETIME NOT NULL, 
	PRIMARY KEY (id), 
	FOREIGN KEY(business_id) REFERENCES businesses (id), 
	FOREIGN KEY(customer_id) REFERENCES customers (id)
)


INFO:sqlalchemy.engine.Engine:[no key 0.00010s] ()
INFO:sqlalchemy.engine.Engine:CREATE INDEX ix_requests_customer_id ON requests (customer_id)
INFO:sqlalchemy.engine.Engine:[no key 0.00007s] ()
INFO:sqlalchemy.engine.Engine:CREATE INDEX ix_requests_business_id ON requests (business_id)
INFO:sqlalchemy.engine.Engine:[no key 0.00007s] ()
INFO:sqlalchemy.engine.Engine:
CREATE TABLE conversation_states (
	user_id INTEGER NOT NULL, 
	state VARCHAR(20) NOT NULL, 
	draft_data JSON, 
	last_action_metadata JSON, 
	pending_action_timestamp DATETIME, 
	pending_action_payload JSON, 
	active_channel VARCHAR(8) NOT NULL, 
	last_updated DATETIME NOT NULL, 
	PRIMARY KEY (user_id), 
	FOREIGN KEY(user_id) REFERENCES users (id)
)


INFO:sqlalchemy.engine.Engine:[no key 0.00008s] ()
INFO:sqlalchemy.engine.Engine:
CREATE TABLE messages (
	id INTEGER NOT NULL, 
	business_id INTEGER NOT NULL, 
	user_id INTEGER, 
	from_number VARCHAR NOT NULL, 
	to_number VARCHAR, 
	body TEXT NOT NULL, 
	role VARCHAR(9) NOT NULL, 
	channel_type VARCHAR(8) NOT NULL, 
	external_id VARCHAR, 
	is_executed BOOLEAN NOT NULL, 
	log_metadata JSON, 
	created_at DATETIME NOT NULL, 
	PRIMARY KEY (id), 
	FOREIGN KEY(business_id) REFERENCES businesses (id), 
	FOREIGN KEY(user_id) REFERENCES users (id)
)


INFO:sqlalchemy.engine.Engine:[no key 0.00007s] ()
INFO:sqlalchemy.engine.Engine:CREATE INDEX ix_messages_business_id ON messages (business_id)
INFO:sqlalchemy.engine.Engine:[no key 0.00007s] ()
INFO:sqlalchemy.engine.Engine:CREATE INDEX ix_messages_from_number ON messages (from_number)
INFO:sqlalchemy.engine.Engine:[no key 0.00007s] ()
INFO:sqlalchemy.engine.Engine:CREATE INDEX ix_messages_user_id ON messages (user_id)
INFO:sqlalchemy.engine.Engine:[no key 0.00006s] ()
INFO:sqlalchemy.engine.Engine:
CREATE TABLE invitations (
	id INTEGER NOT NULL, 
	business_id INTEGER NOT NULL, 
	inviter_id INTEGER NOT NULL, 
	invitee_identifier VARCHAR NOT NULL, 
	token VARCHAR NOT NULL, 
	status VARCHAR(8) NOT NULL, 
	created_at DATETIME NOT NULL, 
	expires_at DATETIME, 
	PRIMARY KEY (id), 
	FOREIGN KEY(business_id) REFERENCES businesses (id), 
	FOREIGN KEY(inviter_id) REFERENCES users (id)
)


INFO:sqlalchemy.engine.Engine:[no key 0.00007s] ()
INFO:sqlalchemy.engine.Engine:CREATE INDEX ix_invitations_invitee_identifier ON invitations (invitee_identifier)
INFO:sqlalchemy.engine.Engine:[no key 0.00007s] ()
INFO:sqlalchemy.engine.Engine:CREATE INDEX ix_invitations_inviter_id ON invitations (inviter_id)
INFO:sqlalchemy.engine.Engine:[no key 0.00007s] ()
INFO:sqlalchemy.engine.Engine:CREATE INDEX ix_invitations_business_id ON invitations (business_id)
INFO:sqlalchemy.engine.Engine:[no key 0.00008s] ()
INFO:sqlalchemy.engine.Engine:CREATE UNIQUE INDEX ix_invitations_token ON invitations (token)
INFO:sqlalchemy.engine.Engine:[no key 0.00008s] ()
INFO:sqlalchemy.engine.Engine:
CREATE TABLE wage_configurations (
	id INTEGER NOT NULL, 
	user_id INTEGER NOT NULL, 
	model_type VARCHAR(16) NOT NULL, 
	rate_value FLOAT NOT NULL, 
	tax_withholding_rate FLOAT NOT NULL, 
	allow_expense_claims BOOLEAN NOT NULL, 
	PRIMARY KEY (id), 
	UNIQUE (user_id), 
	FOREIGN KEY(user_id) REFERENCES users (id)
)


INFO:sqlalchemy.engine.Engine:[no key 0.00007s] ()
INFO:sqlalchemy.engine.Engine:
CREATE TABLE line_items (
	id INTEGER NOT NULL, 
	job_id INTEGER, 
	service_id INTEGER, 
	description VARCHAR NOT NULL, 
	quantity FLOAT NOT NULL, 
	unit_price FLOAT NOT NULL, 
	total_price FLOAT NOT NULL, 
	request_id INTEGER, 
	PRIMARY KEY (id), 
	FOREIGN KEY(job_id) REFERENCES jobs (id), 
	FOREIGN KEY(service_id) REFERENCES services (id), 
	FOREIGN KEY(request_id) REFERENCES requests (id)
)


INFO:sqlalchemy.engine.Engine:[no key 0.00007s] ()
INFO:sqlalchemy.engine.Engine:CREATE INDEX ix_line_items_service_id ON line_items (service_id)
INFO:sqlalchemy.engine.Engine:[no key 0.00007s] ()
INFO:sqlalchemy.engine.Engine:CREATE INDEX ix_line_items_request_id ON line_items (request_id)
INFO:sqlalchemy.engine.Engine:[no key 0.00007s] ()
INFO:sqlalchemy.engine.Engine:CREATE INDEX ix_line_items_job_id ON line_items (job_id)
INFO:sqlalchemy.engine.Engine:[no key 0.00007s] ()
INFO:sqlalchemy.engine.Engine:
CREATE TABLE invoices (
	id INTEGER NOT NULL, 
	job_id INTEGER NOT NULL, 
	s3_key VARCHAR NOT NULL, 
	public_url VARCHAR NOT NULL, 
	payment_link VARCHAR, 
	status VARCHAR(9) NOT NULL, 
	created_at DATETIME NOT NULL, 
	quickbooks_id VARCHAR(50), 
	quickbooks_synced_at DATETIME, 
	quickbooks_sync_status VARCHAR(7), 
	quickbooks_sync_error TEXT, 
	PRIMARY KEY (id), 
	FOREIGN KEY(job_id) REFERENCES jobs (id)
)


INFO:sqlalchemy.engine.Engine:[no key 0.00008s] ()
INFO:sqlalchemy.engine.Engine:CREATE INDEX ix_invoices_job_id ON invoices (job_id)
INFO:sqlalchemy.engine.Engine:[no key 0.00006s] ()
INFO:sqlalchemy.engine.Engine:CREATE INDEX ix_invoices_quickbooks_id ON invoices (quickbooks_id)
INFO:sqlalchemy.engine.Engine:[no key 0.00006s] ()
INFO:sqlalchemy.engine.Engine:
CREATE TABLE quotes (
	id INTEGER NOT NULL, 
	customer_id INTEGER NOT NULL, 
	business_id INTEGER NOT NULL, 
	status VARCHAR(8) NOT NULL, 
	total_amount FLOAT NOT NULL, 
	subtotal FLOAT NOT NULL, 
	tax_amount FLOAT NOT NULL, 
	tax_rate FLOAT NOT NULL, 
	title VARCHAR, 
	location VARCHAR, 
	notes TEXT, 
	external_token VARCHAR NOT NULL, 
	blob_url VARCHAR, 
	job_id INTEGER, 
	created_at DATETIME NOT NULL, 
	updated_at DATETIME NOT NULL, 
	quickbooks_id VARCHAR(50), 
	quickbooks_synced_at DATETIME, 
	quickbooks_sync_status VARCHAR(7), 
	quickbooks_sync_error TEXT, 
	PRIMARY KEY (id), 
	FOREIGN KEY(customer_id) REFERENCES customers (id), 
	FOREIGN KEY(business_id) REFERENCES businesses (id), 
	FOREIGN KEY(job_id) REFERENCES jobs (id)
)


INFO:sqlalchemy.engine.Engine:[no key 0.00008s] ()
INFO:sqlalchemy.engine.Engine:CREATE UNIQUE INDEX ix_quotes_external_token ON quotes (external_token)
INFO:sqlalchemy.engine.Engine:[no key 0.00007s] ()
INFO:sqlalchemy.engine.Engine:CREATE INDEX ix_quotes_quickbooks_id ON quotes (quickbooks_id)
INFO:sqlalchemy.engine.Engine:[no key 0.00006s] ()
INFO:sqlalchemy.engine.Engine:CREATE INDEX ix_quotes_business_id ON quotes (business_id)
INFO:sqlalchemy.engine.Engine:[no key 0.00006s] ()
INFO:sqlalchemy.engine.Engine:CREATE INDEX ix_quotes_customer_id ON quotes (customer_id)
INFO:sqlalchemy.engine.Engine:[no key 0.00007s] ()
INFO:sqlalchemy.engine.Engine:
CREATE TABLE expenses (
	id INTEGER NOT NULL, 
	business_id INTEGER NOT NULL, 
	job_id INTEGER, 
	employee_id INTEGER NOT NULL, 
	amount FLOAT NOT NULL, 
	category VARCHAR(8) NOT NULL, 
	description TEXT, 
	receipt_url VARCHAR, 
	created_at DATETIME NOT NULL, 
	PRIMARY KEY (id), 
	FOREIGN KEY(business_id) REFERENCES businesses (id), 
	FOREIGN KEY(job_id) REFERENCES jobs (id), 
	FOREIGN KEY(employee_id) REFERENCES users (id)
)


INFO:sqlalchemy.engine.Engine:[no key 0.00007s] ()
INFO:sqlalchemy.engine.Engine:CREATE INDEX ix_expenses_employee_id ON expenses (employee_id)
INFO:sqlalchemy.engine.Engine:[no key 0.00007s] ()
INFO:sqlalchemy.engine.Engine:CREATE INDEX ix_expenses_job_id ON expenses (job_id)
INFO:sqlalchemy.engine.Engine:[no key 0.00006s] ()
INFO:sqlalchemy.engine.Engine:CREATE INDEX ix_expenses_business_id ON expenses (business_id)
INFO:sqlalchemy.engine.Engine:[no key 0.00009s] ()
INFO:sqlalchemy.engine.Engine:
CREATE TABLE ledger_entries (
	id INTEGER NOT NULL, 
	employee_id INTEGER NOT NULL, 
	amount FLOAT NOT NULL, 
	entry_type VARCHAR(21) NOT NULL, 
	description VARCHAR NOT NULL, 
	job_id INTEGER, 
	created_at DATETIME NOT NULL, 
	PRIMARY KEY (id), 
	FOREIGN KEY(employee_id) REFERENCES users (id), 
	FOREIGN KEY(job_id) REFERENCES jobs (id)
)


INFO:sqlalchemy.engine.Engine:[no key 0.00007s] ()
INFO:sqlalchemy.engine.Engine:CREATE INDEX ix_ledger_entries_job_id ON ledger_entries (job_id)
INFO:sqlalchemy.engine.Engine:[no key 0.00007s] ()
INFO:sqlalchemy.engine.Engine:CREATE INDEX ix_ledger_entries_employee_id ON ledger_entries (employee_id)
INFO:sqlalchemy.engine.Engine:[no key 0.00006s] ()
INFO:sqlalchemy.engine.Engine:
CREATE TABLE quote_line_items (
	id INTEGER NOT NULL, 
	quote_id INTEGER NOT NULL, 
	service_id INTEGER, 
	description VARCHAR NOT NULL, 
	quantity FLOAT NOT NULL, 
	unit_price FLOAT NOT NULL, 
	total FLOAT NOT NULL, 
	PRIMARY KEY (id), 
	FOREIGN KEY(quote_id) REFERENCES quotes (id), 
	FOREIGN KEY(service_id) REFERENCES services (id)
)


INFO:sqlalchemy.engine.Engine:[no key 0.00007s] ()
INFO:sqlalchemy.engine.Engine:CREATE INDEX ix_quote_line_items_service_id ON quote_line_items (service_id)
INFO:sqlalchemy.engine.Engine:[no key 0.00006s] ()
INFO:sqlalchemy.engine.Engine:CREATE INDEX ix_quote_line_items_quote_id ON quote_line_items (quote_id)
INFO:sqlalchemy.engine.Engine:[no key 0.00007s] ()
INFO:sqlalchemy.engine.Engine:
CREATE TABLE payments (
	id INTEGER NOT NULL, 
	invoice_id INTEGER NOT NULL, 
	amount FLOAT NOT NULL, 
	payment_date DATETIME NOT NULL, 
	payment_method VARCHAR(13) NOT NULL, 
	status VARCHAR(9) NOT NULL, 
	created_at DATETIME NOT NULL, 
	quickbooks_id VARCHAR(50), 
	quickbooks_synced_at DATETIME, 
	quickbooks_sync_status VARCHAR(7), 
	quickbooks_sync_error TEXT, 
	PRIMARY KEY (id), 
	FOREIGN KEY(invoice_id) REFERENCES invoices (id)
)


INFO:sqlalchemy.engine.Engine:[no key 0.00007s] ()
INFO:sqlalchemy.engine.Engine:CREATE INDEX ix_payments_quickbooks_id ON payments (quickbooks_id)
INFO:sqlalchemy.engine.Engine:[no key 0.00007s] ()
INFO:sqlalchemy.engine.Engine:CREATE INDEX ix_payments_invoice_id ON payments (invoice_id)
INFO:sqlalchemy.engine.Engine:[no key 0.00006s] ()
INFO:sqlalchemy.engine.Engine:COMMIT
------------------------------ Captured log setup ------------------------------
INFO     sqlalchemy.engine.Engine:base.py:2710 BEGIN (implicit)
INFO     sqlalchemy.engine.Engine:base.py:1846 PRAGMA main.table_info("integration_configs")
INFO     sqlalchemy.engine.Engine:base.py:1846 [raw sql] ()
INFO     sqlalchemy.engine.Engine:base.py:1846 PRAGMA temp.table_info("integration_configs")
INFO     sqlalchemy.engine.Engine:base.py:1846 [raw sql] ()
INFO     sqlalchemy.engine.Engine:base.py:1846 PRAGMA main.table_info("documents")
INFO     sqlalchemy.engine.Engine:base.py:1846 [raw sql] ()
INFO     sqlalchemy.engine.Engine:base.py:1846 PRAGMA temp.table_info("documents")
INFO     sqlalchemy.engine.Engine:base.py:1846 [raw sql] ()
INFO     sqlalchemy.engine.Engine:base.py:1846 PRAGMA main.table_info("campaigns")
INFO     sqlalchemy.engine.Engine:base.py:1846 [raw sql] ()
INFO     sqlalchemy.engine.Engine:base.py:1846 PRAGMA temp.table_info("campaigns")
INFO     sqlalchemy.engine.Engine:base.py:1846 [raw sql] ()
INFO     sqlalchemy.engine.Engine:base.py:1846 PRAGMA main.table_info("campaign_recipients")
INFO     sqlalchemy.engine.Engine:base.py:1846 [raw sql] ()
INFO     sqlalchemy.engine.Engine:base.py:1846 PRAGMA temp.table_info("campaign_recipients")
INFO     sqlalchemy.engine.Engine:base.py:1846 [raw sql] ()
INFO     sqlalchemy.engine.Engine:base.py:1846 PRAGMA main.table_info("whatsapp_templates")
INFO     sqlalchemy.engine.Engine:base.py:1846 [raw sql] ()
INFO     sqlalchemy.engine.Engine:base.py:1846 PRAGMA temp.table_info("whatsapp_templates")
INFO     sqlalchemy.engine.Engine:base.py:1846 [raw sql] ()
INFO     sqlalchemy.engine.Engine:base.py:1846 PRAGMA main.table_info("businesses")
INFO     sqlalchemy.engine.Engine:base.py:1846 [raw sql] ()
INFO     sqlalchemy.engine.Engine:base.py:1846 PRAGMA temp.table_info("businesses")
INFO     sqlalchemy.engine.Engine:base.py:1846 [raw sql] ()
INFO     sqlalchemy.engine.Engine:base.py:1846 PRAGMA main.table_info("users")
INFO     sqlalchemy.engine.Engine:base.py:1846 [raw sql] ()
INFO     sqlalchemy.engine.Engine:base.py:1846 PRAGMA temp.table_info("users")
INFO     sqlalchemy.engine.Engine:base.py:1846 [raw sql] ()
INFO     sqlalchemy.engine.Engine:base.py:1846 PRAGMA main.table_info("services")
INFO     sqlalchemy.engine.Engine:base.py:1846 [raw sql] ()
INFO     sqlalchemy.engine.Engine:base.py:1846 PRAGMA temp.table_info("services")
INFO     sqlalchemy.engine.Engine:base.py:1846 [raw sql] ()
INFO     sqlalchemy.engine.Engine:base.py:1846 PRAGMA main.table_info("line_items")
INFO     sqlalchemy.engine.Engine:base.py:1846 [raw sql] ()
INFO     sqlalchemy.engine.Engine:base.py:1846 PRAGMA temp.table_info("line_items")
INFO     sqlalchemy.engine.Engine:base.py:1846 [raw sql] ()
INFO     sqlalchemy.engine.Engine:base.py:1846 PRAGMA main.table_info("customers")
INFO     sqlalchemy.engine.Engine:base.py:1846 [raw sql] ()
INFO     sqlalchemy.engine.Engine:base.py:1846 PRAGMA temp.table_info("customers")
INFO     sqlalchemy.engine.Engine:base.py:1846 [raw sql] ()
INFO     sqlalchemy.engine.Engine:base.py:1846 PRAGMA main.table_info("customer_availability")
INFO     sqlalchemy.engine.Engine:base.py:1846 [raw sql] ()
INFO     sqlalchemy.engine.Engine:base.py:1846 PRAGMA temp.table_info("customer_availability")
INFO     sqlalchemy.engine.Engine:base.py:1846 [raw sql] ()
INFO     sqlalchemy.engine.Engine:base.py:1846 PRAGMA main.table_info("jobs")
INFO     sqlalchemy.engine.Engine:base.py:1846 [raw sql] ()
INFO     sqlalchemy.engine.Engine:base.py:1846 PRAGMA temp.table_info("jobs")
INFO     sqlalchemy.engine.Engine:base.py:1846 [raw sql] ()
INFO     sqlalchemy.engine.Engine:base.py:1846 PRAGMA main.table_info("requests")
INFO     sqlalchemy.engine.Engine:base.py:1846 [raw sql] ()
INFO     sqlalchemy.engine.Engine:base.py:1846 PRAGMA temp.table_info("requests")
INFO     sqlalchemy.engine.Engine:base.py:1846 [raw sql] ()
INFO     sqlalchemy.engine.Engine:base.py:1846 PRAGMA main.table_info("conversation_states")
INFO     sqlalchemy.engine.Engine:base.py:1846 [raw sql] ()
INFO     sqlalchemy.engine.Engine:base.py:1846 PRAGMA temp.table_info("conversation_states")
INFO     sqlalchemy.engine.Engine:base.py:1846 [raw sql] ()
INFO     sqlalchemy.engine.Engine:base.py:1846 PRAGMA main.table_info("invoices")
INFO     sqlalchemy.engine.Engine:base.py:1846 [raw sql] ()
INFO     sqlalchemy.engine.Engine:base.py:1846 PRAGMA temp.table_info("invoices")
INFO     sqlalchemy.engine.Engine:base.py:1846 [raw sql] ()
INFO     sqlalchemy.engine.Engine:base.py:1846 PRAGMA main.table_info("messages")
INFO     sqlalchemy.engine.Engine:base.py:1846 [raw sql] ()
INFO     sqlalchemy.engine.Engine:base.py:1846 PRAGMA temp.table_info("messages")
INFO     sqlalchemy.engine.Engine:base.py:1846 [raw sql] ()
INFO     sqlalchemy.engine.Engine:base.py:1846 PRAGMA main.table_info("import_jobs")
INFO     sqlalchemy.engine.Engine:base.py:1846 [raw sql] ()
INFO     sqlalchemy.engine.Engine:base.py:1846 PRAGMA temp.table_info("import_jobs")
INFO     sqlalchemy.engine.Engine:base.py:1846 [raw sql] ()
INFO     sqlalchemy.engine.Engine:base.py:1846 PRAGMA main.table_info("quotes")
INFO     sqlalchemy.engine.Engine:base.py:1846 [raw sql] ()
INFO     sqlalchemy.engine.Engine:base.py:1846 PRAGMA temp.table_info("quotes")
INFO     sqlalchemy.engine.Engine:base.py:1846 [raw sql] ()
INFO     sqlalchemy.engine.Engine:base.py:1846 PRAGMA main.table_info("quote_line_items")
INFO     sqlalchemy.engine.Engine:base.py:1846 [raw sql] ()
INFO     sqlalchemy.engine.Engine:base.py:1846 PRAGMA temp.table_info("quote_line_items")
INFO     sqlalchemy.engine.Engine:base.py:1846 [raw sql] ()
INFO     sqlalchemy.engine.Engine:base.py:1846 PRAGMA main.table_info("export_requests")
INFO     sqlalchemy.engine.Engine:base.py:1846 [raw sql] ()
INFO     sqlalchemy.engine.Engine:base.py:1846 PRAGMA temp.table_info("export_requests")
INFO     sqlalchemy.engine.Engine:base.py:1846 [raw sql] ()
INFO     sqlalchemy.engine.Engine:base.py:1846 PRAGMA main.table_info("message_logs")
INFO     sqlalchemy.engine.Engine:base.py:1846 [raw sql] ()
INFO     sqlalchemy.engine.Engine:base.py:1846 PRAGMA temp.table_info("message_logs")
INFO     sqlalchemy.engine.Engine:base.py:1846 [raw sql] ()
INFO     sqlalchemy.engine.Engine:base.py:1846 PRAGMA main.table_info("payments")
INFO     sqlalchemy.engine.Engine:base.py:1846 [raw sql] ()
INFO     sqlalchemy.engine.Engine:base.py:1846 PRAGMA temp.table_info("payments")
INFO     sqlalchemy.engine.Engine:base.py:1846 [raw sql] ()
INFO     sqlalchemy.engine.Engine:base.py:1846 PRAGMA main.table_info("sync_logs")
INFO     sqlalchemy.engine.Engine:base.py:1846 [raw sql] ()
INFO     sqlalchemy.engine.Engine:base.py:1846 PRAGMA temp.table_info("sync_logs")
INFO     sqlalchemy.engine.Engine:base.py:1846 [raw sql] ()
INFO     sqlalchemy.engine.Engine:base.py:1846 PRAGMA main.table_info("invitations")
INFO     sqlalchemy.engine.Engine:base.py:1846 [raw sql] ()
INFO     sqlalchemy.engine.Engine:base.py:1846 PRAGMA temp.table_info("invitations")
INFO     sqlalchemy.engine.Engine:base.py:1846 [raw sql] ()
INFO     sqlalchemy.engine.Engine:base.py:1846 PRAGMA main.table_info("wage_configurations")
INFO     sqlalchemy.engine.Engine:base.py:1846 [raw sql] ()
INFO     sqlalchemy.engine.Engine:base.py:1846 PRAGMA temp.table_info("wage_configurations")
INFO     sqlalchemy.engine.Engine:base.py:1846 [raw sql] ()
INFO     sqlalchemy.engine.Engine:base.py:1846 PRAGMA main.table_info("expenses")
INFO     sqlalchemy.engine.Engine:base.py:1846 [raw sql] ()
INFO     sqlalchemy.engine.Engine:base.py:1846 PRAGMA temp.table_info("expenses")
INFO     sqlalchemy.engine.Engine:base.py:1846 [raw sql] ()
INFO     sqlalchemy.engine.Engine:base.py:1846 PRAGMA main.table_info("ledger_entries")
INFO     sqlalchemy.engine.Engine:base.py:1846 [raw sql] ()
INFO     sqlalchemy.engine.Engine:base.py:1846 PRAGMA temp.table_info("ledger_entries")
INFO     sqlalchemy.engine.Engine:base.py:1846 [raw sql] ()
INFO     sqlalchemy.engine.Engine:base.py:1846 
CREATE TABLE businesses (
	id INTEGER NOT NULL, 
	name VARCHAR NOT NULL, 
	payment_link VARCHAR, 
	created_at DATETIME NOT NULL, 
	stripe_customer_id VARCHAR, 
	stripe_subscription_id VARCHAR, 
	subscription_status VARCHAR(4) NOT NULL, 
	seat_limit INTEGER NOT NULL, 
	active_addons JSON NOT NULL, 
	quickbooks_connected BOOLEAN NOT NULL, 
	quickbooks_last_sync DATETIME, 
	clerk_org_id VARCHAR, 
	workflow_invoicing VARCHAR(9), 
	workflow_quoting VARCHAR(9), 
	workflow_payment_timing VARCHAR(20), 
	workflow_tax_inclusive BOOLEAN, 
	workflow_include_payment_terms BOOLEAN, 
	workflow_enable_reminders BOOLEAN, 
	workflow_show_whatsapp_button BOOLEAN, 
	workflow_pipeline_quoted_stage BOOLEAN NOT NULL, 
	workflow_job_creation_default VARCHAR(15), 
	workflow_distance_unit VARCHAR(10) NOT NULL, 
	workflow_auto_quote_followup BOOLEAN NOT NULL, 
	workflow_quote_followup_delay_hrs INTEGER NOT NULL, 
	workflow_auto_review_requests BOOLEAN NOT NULL, 
	workflow_review_request_delay_hrs INTEGER NOT NULL, 
	workflow_review_link VARCHAR, 
	marketing_settings JSON NOT NULL, 
	default_city VARCHAR, 
	default_country VARCHAR, 
	default_tax_rate FLOAT NOT NULL, 
	invite_code VARCHAR(20), 
	message_count_current_period INTEGER NOT NULL, 
	billing_cycle_anchor DATETIME, 
	message_credits INTEGER NOT NULL, 
	PRIMARY KEY (id), 
	UNIQUE (clerk_org_id)
)


INFO     sqlalchemy.engine.Engine:base.py:1846 [no key 0.00014s] ()
INFO     sqlalchemy.engine.Engine:base.py:1846 CREATE UNIQUE INDEX ix_businesses_invite_code ON businesses (invite_code)
INFO     sqlalchemy.engine.Engine:base.py:1846 [no key 0.00007s] ()
INFO     sqlalchemy.engine.Engine:base.py:1846 CREATE INDEX ix_businesses_name ON businesses (name)
INFO     sqlalchemy.engine.Engine:base.py:1846 [no key 0.00007s] ()
INFO     sqlalchemy.engine.Engine:base.py:1846 
CREATE TABLE integration_configs (
	id CHAR(32) NOT NULL, 
	business_id INTEGER NOT NULL, 
	type VARCHAR(11) NOT NULL, 
	label VARCHAR, 
	key_hash VARCHAR, 
	config_payload JSON NOT NULL, 
	is_active BOOLEAN NOT NULL, 
	created_at DATETIME NOT NULL, 
	updated_at DATETIME NOT NULL, 
	PRIMARY KEY (id), 
	FOREIGN KEY(business_id) REFERENCES businesses (id)
)


INFO     sqlalchemy.engine.Engine:base.py:1846 [no key 0.00008s] ()
INFO     sqlalchemy.engine.Engine:base.py:1846 CREATE INDEX ix_integration_configs_type ON integration_configs (type)
INFO     sqlalchemy.engine.Engine:base.py:1846 [no key 0.00007s] ()
INFO     sqlalchemy.engine.Engine:base.py:1846 CREATE INDEX ix_integration_configs_business_id ON integration_configs (business_id)
INFO     sqlalchemy.engine.Engine:base.py:1846 [no key 0.00007s] ()
INFO     sqlalchemy.engine.Engine:base.py:1846 CREATE UNIQUE INDEX ix_integration_configs_key_hash ON integration_configs (key_hash)
INFO     sqlalchemy.engine.Engine:base.py:1846 [no key 0.00009s] ()
INFO     sqlalchemy.engine.Engine:base.py:1846 
CREATE TABLE campaigns (
	id INTEGER NOT NULL, 
	business_id INTEGER NOT NULL, 
	name VARCHAR NOT NULL, 
	description TEXT, 
	channel VARCHAR(8) NOT NULL, 
	status VARCHAR(9) NOT NULL, 
	template_id VARCHAR, 
	subject VARCHAR, 
	body TEXT NOT NULL, 
	recipient_query VARCHAR, 
	total_recipients INTEGER NOT NULL, 
	sent_count INTEGER NOT NULL, 
	failed_count INTEGER NOT NULL, 
	estimated_cost FLOAT NOT NULL, 
	created_at DATETIME NOT NULL, 
	scheduled_at DATETIME, 
	sent_at DATETIME, 
	completed_at DATETIME, 
	PRIMARY KEY (id), 
	FOREIGN KEY(business_id) REFERENCES businesses (id)
)


INFO     sqlalchemy.engine.Engine:base.py:1846 [no key 0.00008s] ()
INFO     sqlalchemy.engine.Engine:base.py:1846 CREATE INDEX ix_campaigns_name ON campaigns (name)
INFO     sqlalchemy.engine.Engine:base.py:1846 [no key 0.00010s] ()
INFO     sqlalchemy.engine.Engine:base.py:1846 CREATE INDEX ix_campaigns_business_id ON campaigns (business_id)
INFO     sqlalchemy.engine.Engine:base.py:1846 [no key 0.00007s] ()
INFO     sqlalchemy.engine.Engine:base.py:1846 
CREATE TABLE whatsapp_templates (
	id INTEGER NOT NULL, 
	business_id INTEGER NOT NULL, 
	name VARCHAR NOT NULL, 
	language VARCHAR NOT NULL, 
	category VARCHAR(14) NOT NULL, 
	components JSON NOT NULL, 
	status VARCHAR(8) NOT NULL, 
	meta_template_id VARCHAR, 
	rejection_reason TEXT, 
	created_at DATETIME NOT NULL, 
	updated_at DATETIME NOT NULL, 
	PRIMARY KEY (id), 
	FOREIGN KEY(business_id) REFERENCES businesses (id)
)


INFO     sqlalchemy.engine.Engine:base.py:1846 [no key 0.00015s] ()
INFO     sqlalchemy.engine.Engine:base.py:1846 CREATE INDEX ix_whatsapp_templates_name ON whatsapp_templates (name)
INFO     sqlalchemy.engine.Engine:base.py:1846 [no key 0.00008s] ()
INFO     sqlalchemy.engine.Engine:base.py:1846 CREATE INDEX ix_whatsapp_templates_meta_template_id ON whatsapp_templates (meta_template_id)
INFO     sqlalchemy.engine.Engine:base.py:1846 [no key 0.00007s] ()
INFO     sqlalchemy.engine.Engine:base.py:1846 CREATE INDEX ix_whatsapp_templates_business_id ON whatsapp_templates (business_id)
INFO     sqlalchemy.engine.Engine:base.py:1846 [no key 0.00007s] ()
INFO     sqlalchemy.engine.Engine:base.py:1846 
CREATE TABLE users (
	id INTEGER NOT NULL, 
	name VARCHAR, 
	phone_number VARCHAR, 
	email VARCHAR, 
	business_id INTEGER NOT NULL, 
	role VARCHAR(8) NOT NULL, 
	created_at DATETIME NOT NULL, 
	preferred_channel VARCHAR(8) NOT NULL, 
	preferences JSON NOT NULL, 
	timezone VARCHAR NOT NULL, 
	default_start_location_lat FLOAT, 
	default_start_location_lng FLOAT, 
	google_calendar_credentials JSON, 
	google_calendar_sync_enabled BOOLEAN NOT NULL, 
	clerk_id VARCHAR, 
	current_latitude FLOAT, 
	current_longitude FLOAT, 
	location_updated_at DATETIME, 
	current_shift_start DATETIME, 
	geocoding_count INTEGER NOT NULL, 
	PRIMARY KEY (id), 
	UNIQUE (phone_number), 
	UNIQUE (email), 
	FOREIGN KEY(business_id) REFERENCES businesses (id), 
	UNIQUE (clerk_id)
)


INFO     sqlalchemy.engine.Engine:base.py:1846 [no key 0.00009s] ()
INFO     sqlalchemy.engine.Engine:base.py:1846 CREATE INDEX ix_users_business_id ON users (business_id)
INFO     sqlalchemy.engine.Engine:base.py:1846 [no key 0.00007s] ()
INFO     sqlalchemy.engine.Engine:base.py:1846 
CREATE TABLE services (
	id INTEGER NOT NULL, 
	business_id INTEGER NOT NULL, 
	name VARCHAR NOT NULL, 
	description TEXT, 
	default_price FLOAT NOT NULL, 
	created_at DATETIME NOT NULL, 
	estimated_duration INTEGER NOT NULL, 
	quickbooks_id VARCHAR(50), 
	quickbooks_synced_at DATETIME, 
	quickbooks_sync_status VARCHAR(7), 
	quickbooks_sync_error TEXT, 
	PRIMARY KEY (id), 
	FOREIGN KEY(business_id) REFERENCES businesses (id)
)


INFO     sqlalchemy.engine.Engine:base.py:1846 [no key 0.00008s] ()
INFO     sqlalchemy.engine.Engine:base.py:1846 CREATE INDEX ix_services_name ON services (name)
INFO     sqlalchemy.engine.Engine:base.py:1846 [no key 0.00007s] ()
INFO     sqlalchemy.engine.Engine:base.py:1846 CREATE INDEX ix_services_quickbooks_id ON services (quickbooks_id)
INFO     sqlalchemy.engine.Engine:base.py:1846 [no key 0.00008s] ()
INFO     sqlalchemy.engine.Engine:base.py:1846 CREATE INDEX ix_services_business_id ON services (business_id)
INFO     sqlalchemy.engine.Engine:base.py:1846 [no key 0.00008s] ()
INFO     sqlalchemy.engine.Engine:base.py:1846 
CREATE TABLE customers (
	id INTEGER NOT NULL, 
	business_id INTEGER NOT NULL, 
	name VARCHAR, 
	first_name VARCHAR, 
	last_name VARCHAR, 
	phone VARCHAR, 
	email VARCHAR, 
	details TEXT, 
	street VARCHAR, 
	city VARCHAR, 
	country VARCHAR, 
	postal_code VARCHAR, 
	original_address_input VARCHAR, 
	latitude FLOAT, 
	longitude FLOAT, 
	pipeline_stage VARCHAR(19) NOT NULL, 
	created_at DATETIME NOT NULL, 
	quickbooks_id VARCHAR(50), 
	quickbooks_synced_at DATETIME, 
	quickbooks_sync_status VARCHAR(7), 
	quickbooks_sync_error TEXT, 
	PRIMARY KEY (id), 
	FOREIGN KEY(business_id) REFERENCES businesses (id)
)


INFO     sqlalchemy.engine.Engine:base.py:1846 [no key 0.00010s] ()
INFO     sqlalchemy.engine.Engine:base.py:1846 CREATE INDEX ix_customers_name ON customers (name)
INFO     sqlalchemy.engine.Engine:base.py:1846 [no key 0.00008s] ()
INFO     sqlalchemy.engine.Engine:base.py:1846 CREATE INDEX ix_customers_business_id ON customers (business_id)
INFO     sqlalchemy.engine.Engine:base.py:1846 [no key 0.00007s] ()
INFO     sqlalchemy.engine.Engine:base.py:1846 CREATE INDEX ix_customers_quickbooks_id ON customers (quickbooks_id)
INFO     sqlalchemy.engine.Engine:base.py:1846 [no key 0.00007s] ()
INFO     sqlalchemy.engine.Engine:base.py:1846 CREATE INDEX ix_customers_email ON customers (email)
INFO     sqlalchemy.engine.Engine:base.py:1846 [no key 0.00008s] ()
INFO     sqlalchemy.engine.Engine:base.py:1846 
CREATE TABLE import_jobs (
	id INTEGER NOT NULL, 
	business_id INTEGER NOT NULL, 
	status VARCHAR(10) NOT NULL, 
	file_url VARCHAR NOT NULL, 
	filename VARCHAR, 
	record_count INTEGER NOT NULL, 
	error_log JSON, 
	created_at DATETIME NOT NULL, 
	completed_at DATETIME, 
	PRIMARY KEY (id), 
	FOREIGN KEY(business_id) REFERENCES businesses (id)
)


INFO     sqlalchemy.engine.Engine:base.py:1846 [no key 0.00008s] ()
INFO     sqlalchemy.engine.Engine:base.py:1846 CREATE INDEX ix_import_jobs_business_id ON import_jobs (business_id)
INFO     sqlalchemy.engine.Engine:base.py:1846 [no key 0.00007s] ()
INFO     sqlalchemy.engine.Engine:base.py:1846 
CREATE TABLE export_requests (
	id INTEGER NOT NULL, 
	business_id INTEGER NOT NULL, 
	status VARCHAR(10) NOT NULL, 
	"query" TEXT NOT NULL, 
	format VARCHAR(5) NOT NULL, 
	s3_key VARCHAR, 
	public_url VARCHAR, 
	error_log TEXT, 
	created_at DATETIME NOT NULL, 
	PRIMARY KEY (id), 
	FOREIGN KEY(business_id) REFERENCES businesses (id)
)


INFO     sqlalchemy.engine.Engine:base.py:1846 [no key 0.00007s] ()
INFO     sqlalchemy.engine.Engine:base.py:1846 CREATE INDEX ix_export_requests_business_id ON export_requests (business_id)
INFO     sqlalchemy.engine.Engine:base.py:1846 [no key 0.00007s] ()
INFO     sqlalchemy.engine.Engine:base.py:1846 
CREATE TABLE message_logs (
	id INTEGER NOT NULL, 
	business_id INTEGER, 
	recipient_phone VARCHAR NOT NULL, 
	content TEXT NOT NULL, 
	message_type VARCHAR(8) NOT NULL, 
	status VARCHAR(7) NOT NULL, 
	trigger_source VARCHAR(20) NOT NULL, 
	external_id VARCHAR, 
	log_metadata JSON, 
	created_at DATETIME NOT NULL, 
	sent_at DATETIME, 
	error_message TEXT, 
	PRIMARY KEY (id), 
	FOREIGN KEY(business_id) REFERENCES businesses (id)
)


INFO     sqlalchemy.engine.Engine:base.py:1846 [no key 0.00010s] ()
INFO     sqlalchemy.engine.Engine:base.py:1846 CREATE INDEX ix_message_logs_recipient_phone ON message_logs (recipient_phone)
INFO     sqlalchemy.engine.Engine:base.py:1846 [no key 0.00008s] ()
INFO     sqlalchemy.engine.Engine:base.py:1846 CREATE INDEX ix_message_logs_business_id ON message_logs (business_id)
INFO     sqlalchemy.engine.Engine:base.py:1846 [no key 0.00007s] ()
INFO     sqlalchemy.engine.Engine:base.py:1846 
CREATE TABLE sync_logs (
	id INTEGER NOT NULL, 
	business_id INTEGER NOT NULL, 
	sync_timestamp DATETIME NOT NULL, 
	sync_type VARCHAR(9) NOT NULL, 
	records_processed INTEGER NOT NULL, 
	records_succeeded INTEGER NOT NULL, 
	records_failed INTEGER NOT NULL, 
	status VARCHAR(15) NOT NULL, 
	error_details JSON, 
	duration_seconds FLOAT, 
	PRIMARY KEY (id), 
	FOREIGN KEY(business_id) REFERENCES businesses (id)
)


INFO     sqlalchemy.engine.Engine:base.py:1846 [no key 0.00008s] ()
INFO     sqlalchemy.engine.Engine:base.py:1846 CREATE INDEX ix_sync_logs_business_id ON sync_logs (business_id)
INFO     sqlalchemy.engine.Engine:base.py:1846 [no key 0.00009s] ()
INFO     sqlalchemy.engine.Engine:base.py:1846 
CREATE TABLE documents (
	id INTEGER NOT NULL, 
	customer_id INTEGER NOT NULL, 
	filename VARCHAR NOT NULL, 
	s3_key VARCHAR NOT NULL, 
	public_url VARCHAR NOT NULL, 
	mime_type VARCHAR NOT NULL, 
	doc_type VARCHAR(15) NOT NULL, 
	created_at DATETIME NOT NULL, 
	PRIMARY KEY (id), 
	FOREIGN KEY(customer_id) REFERENCES customers (id)
)


INFO     sqlalchemy.engine.Engine:base.py:1846 [no key 0.00008s] ()
INFO     sqlalchemy.engine.Engine:base.py:1846 CREATE INDEX ix_documents_customer_id ON documents (customer_id)
INFO     sqlalchemy.engine.Engine:base.py:1846 [no key 0.00008s] ()
INFO     sqlalchemy.engine.Engine:base.py:1846 
CREATE TABLE campaign_recipients (
	id INTEGER NOT NULL, 
	campaign_id INTEGER NOT NULL, 
	customer_id INTEGER NOT NULL, 
	status VARCHAR(7) NOT NULL, 
	sent_at DATETIME, 
	error_message TEXT, 
	external_id VARCHAR, 
	PRIMARY KEY (id), 
	FOREIGN KEY(campaign_id) REFERENCES campaigns (id), 
	FOREIGN KEY(customer_id) REFERENCES customers (id)
)


INFO     sqlalchemy.engine.Engine:base.py:1846 [no key 0.00008s] ()
INFO     sqlalchemy.engine.Engine:base.py:1846 CREATE INDEX ix_campaign_recipients_customer_id ON campaign_recipients (customer_id)
INFO     sqlalchemy.engine.Engine:base.py:1846 [no key 0.00009s] ()
INFO     sqlalchemy.engine.Engine:base.py:1846 CREATE INDEX ix_campaign_recipients_campaign_id ON campaign_recipients (campaign_id)
INFO     sqlalchemy.engine.Engine:base.py:1846 [no key 0.00010s] ()
INFO     sqlalchemy.engine.Engine:base.py:1846 
CREATE TABLE customer_availability (
	id INTEGER NOT NULL, 
	customer_id INTEGER NOT NULL, 
	start_time DATETIME NOT NULL, 
	end_time DATETIME NOT NULL, 
	is_available BOOLEAN NOT NULL, 
	PRIMARY KEY (id), 
	FOREIGN KEY(customer_id) REFERENCES customers (id)
)


INFO     sqlalchemy.engine.Engine:base.py:1846 [no key 0.00009s] ()
INFO     sqlalchemy.engine.Engine:base.py:1846 CREATE INDEX ix_customer_availability_customer_id ON customer_availability (customer_id)
INFO     sqlalchemy.engine.Engine:base.py:1846 [no key 0.00007s] ()
INFO     sqlalchemy.engine.Engine:base.py:1846 
CREATE TABLE jobs (
	id INTEGER NOT NULL, 
	business_id INTEGER NOT NULL, 
	customer_id INTEGER NOT NULL, 
	description TEXT, 
	status VARCHAR(11) NOT NULL, 
	value FLOAT, 
	subtotal FLOAT, 
	tax_amount FLOAT, 
	tax_rate FLOAT, 
	location VARCHAR, 
	latitude FLOAT, 
	longitude FLOAT, 
	postal_code VARCHAR, 
	paid BOOLEAN NOT NULL, 
	gcal_event_id VARCHAR, 
	scheduled_at DATETIME, 
	created_at DATETIME NOT NULL, 
	estimated_duration INTEGER NOT NULL, 
	begun_at DATETIME, 
	completed_at DATETIME, 
	total_actual_duration_seconds INTEGER NOT NULL, 
	employee_id INTEGER, 
	PRIMARY KEY (id), 
	FOREIGN KEY(business_id) REFERENCES businesses (id), 
	FOREIGN KEY(customer_id) REFERENCES customers (id), 
	FOREIGN KEY(employee_id) REFERENCES users (id)
)


INFO     sqlalchemy.engine.Engine:base.py:1846 [no key 0.00008s] ()
INFO     sqlalchemy.engine.Engine:base.py:1846 CREATE INDEX ix_jobs_employee_id ON jobs (employee_id)
INFO     sqlalchemy.engine.Engine:base.py:1846 [no key 0.00007s] ()
INFO     sqlalchemy.engine.Engine:base.py:1846 CREATE INDEX ix_jobs_business_id ON jobs (business_id)
INFO     sqlalchemy.engine.Engine:base.py:1846 [no key 0.00007s] ()
INFO     sqlalchemy.engine.Engine:base.py:1846 CREATE INDEX ix_jobs_customer_id ON jobs (customer_id)
INFO     sqlalchemy.engine.Engine:base.py:1846 [no key 0.00007s] ()
INFO     sqlalchemy.engine.Engine:base.py:1846 
CREATE TABLE requests (
	id INTEGER NOT NULL, 
	business_id INTEGER NOT NULL, 
	customer_id INTEGER, 
	description TEXT NOT NULL, 
	status VARCHAR(9) NOT NULL, 
	urgency VARCHAR(6) NOT NULL, 
	expected_value FLOAT, 
	subtotal FLOAT NOT NULL, 
	tax_amount FLOAT NOT NULL, 
	tax_rate FLOAT NOT NULL, 
	follow_up_date DATETIME, 
	customer_details JSON, 
	created_at DATETIME NOT NULL, 
	PRIMARY KEY (id), 
	FOREIGN KEY(business_id) REFERENCES businesses (id), 
	FOREIGN KEY(customer_id) REFERENCES customers (id)
)


INFO     sqlalchemy.engine.Engine:base.py:1846 [no key 0.00010s] ()
INFO     sqlalchemy.engine.Engine:base.py:1846 CREATE INDEX ix_requests_customer_id ON requests (customer_id)
INFO     sqlalchemy.engine.Engine:base.py:1846 [no key 0.00007s] ()
INFO     sqlalchemy.engine.Engine:base.py:1846 CREATE INDEX ix_requests_business_id ON requests (business_id)
INFO     sqlalchemy.engine.Engine:base.py:1846 [no key 0.00007s] ()
INFO     sqlalchemy.engine.Engine:base.py:1846 
CREATE TABLE conversation_states (
	user_id INTEGER NOT NULL, 
	state VARCHAR(20) NOT NULL, 
	draft_data JSON, 
	last_action_metadata JSON, 
	pending_action_timestamp DATETIME, 
	pending_action_payload JSON, 
	active_channel VARCHAR(8) NOT NULL, 
	last_updated DATETIME NOT NULL, 
	PRIMARY KEY (user_id), 
	FOREIGN KEY(user_id) REFERENCES users (id)
)


INFO     sqlalchemy.engine.Engine:base.py:1846 [no key 0.00008s] ()
INFO     sqlalchemy.engine.Engine:base.py:1846 
CREATE TABLE messages (
	id INTEGER NOT NULL, 
	business_id INTEGER NOT NULL, 
	user_id INTEGER, 
	from_number VARCHAR NOT NULL, 
	to_number VARCHAR, 
	body TEXT NOT NULL, 
	role VARCHAR(9) NOT NULL, 
	channel_type VARCHAR(8) NOT NULL, 
	external_id VARCHAR, 
	is_executed BOOLEAN NOT NULL, 
	log_metadata JSON, 
	created_at DATETIME NOT NULL, 
	PRIMARY KEY (id), 
	FOREIGN KEY(business_id) REFERENCES businesses (id), 
	FOREIGN KEY(user_id) REFERENCES users (id)
)


INFO     sqlalchemy.engine.Engine:base.py:1846 [no key 0.00007s] ()
INFO     sqlalchemy.engine.Engine:base.py:1846 CREATE INDEX ix_messages_business_id ON messages (business_id)
INFO     sqlalchemy.engine.Engine:base.py:1846 [no key 0.00007s] ()
INFO     sqlalchemy.engine.Engine:base.py:1846 CREATE INDEX ix_messages_from_number ON messages (from_number)
INFO     sqlalchemy.engine.Engine:base.py:1846 [no key 0.00007s] ()
INFO     sqlalchemy.engine.Engine:base.py:1846 CREATE INDEX ix_messages_user_id ON messages (user_id)
INFO     sqlalchemy.engine.Engine:base.py:1846 [no key 0.00006s] ()
INFO     sqlalchemy.engine.Engine:base.py:1846 
CREATE TABLE invitations (
	id INTEGER NOT NULL, 
	business_id INTEGER NOT NULL, 
	inviter_id INTEGER NOT NULL, 
	invitee_identifier VARCHAR NOT NULL, 
	token VARCHAR NOT NULL, 
	status VARCHAR(8) NOT NULL, 
	created_at DATETIME NOT NULL, 
	expires_at DATETIME, 
	PRIMARY KEY (id), 
	FOREIGN KEY(business_id) REFERENCES businesses (id), 
	FOREIGN KEY(inviter_id) REFERENCES users (id)
)


INFO     sqlalchemy.engine.Engine:base.py:1846 [no key 0.00007s] ()
INFO     sqlalchemy.engine.Engine:base.py:1846 CREATE INDEX ix_invitations_invitee_identifier ON invitations (invitee_identifier)
INFO     sqlalchemy.engine.Engine:base.py:1846 [no key 0.00007s] ()
INFO     sqlalchemy.engine.Engine:base.py:1846 CREATE INDEX ix_invitations_inviter_id ON invitations (inviter_id)
INFO     sqlalchemy.engine.Engine:base.py:1846 [no key 0.00007s] ()
INFO     sqlalchemy.engine.Engine:base.py:1846 CREATE INDEX ix_invitations_business_id ON invitations (business_id)
INFO     sqlalchemy.engine.Engine:base.py:1846 [no key 0.00008s] ()
INFO     sqlalchemy.engine.Engine:base.py:1846 CREATE UNIQUE INDEX ix_invitations_token ON invitations (token)
INFO     sqlalchemy.engine.Engine:base.py:1846 [no key 0.00008s] ()
INFO     sqlalchemy.engine.Engine:base.py:1846 
CREATE TABLE wage_configurations (
	id INTEGER NOT NULL, 
	user_id INTEGER NOT NULL, 
	model_type VARCHAR(16) NOT NULL, 
	rate_value FLOAT NOT NULL, 
	tax_withholding_rate FLOAT NOT NULL, 
	allow_expense_claims BOOLEAN NOT NULL, 
	PRIMARY KEY (id), 
	UNIQUE (user_id), 
	FOREIGN KEY(user_id) REFERENCES users (id)
)


INFO     sqlalchemy.engine.Engine:base.py:1846 [no key 0.00007s] ()
INFO     sqlalchemy.engine.Engine:base.py:1846 
CREATE TABLE line_items (
	id INTEGER NOT NULL, 
	job_id INTEGER, 
	service_id INTEGER, 
	description VARCHAR NOT NULL, 
	quantity FLOAT NOT NULL, 
	unit_price FLOAT NOT NULL, 
	total_price FLOAT NOT NULL, 
	request_id INTEGER, 
	PRIMARY KEY (id), 
	FOREIGN KEY(job_id) REFERENCES jobs (id), 
	FOREIGN KEY(service_id) REFERENCES services (id), 
	FOREIGN KEY(request_id) REFERENCES requests (id)
)


INFO     sqlalchemy.engine.Engine:base.py:1846 [no key 0.00007s] ()
INFO     sqlalchemy.engine.Engine:base.py:1846 CREATE INDEX ix_line_items_service_id ON line_items (service_id)
INFO     sqlalchemy.engine.Engine:base.py:1846 [no key 0.00007s] ()
INFO     sqlalchemy.engine.Engine:base.py:1846 CREATE INDEX ix_line_items_request_id ON line_items (request_id)
INFO     sqlalchemy.engine.Engine:base.py:1846 [no key 0.00007s] ()
INFO     sqlalchemy.engine.Engine:base.py:1846 CREATE INDEX ix_line_items_job_id ON line_items (job_id)
INFO     sqlalchemy.engine.Engine:base.py:1846 [no key 0.00007s] ()
INFO     sqlalchemy.engine.Engine:base.py:1846 
CREATE TABLE invoices (
	id INTEGER NOT NULL, 
	job_id INTEGER NOT NULL, 
	s3_key VARCHAR NOT NULL, 
	public_url VARCHAR NOT NULL, 
	payment_link VARCHAR, 
	status VARCHAR(9) NOT NULL, 
	created_at DATETIME NOT NULL, 
	quickbooks_id VARCHAR(50), 
	quickbooks_synced_at DATETIME, 
	quickbooks_sync_status VARCHAR(7), 
	quickbooks_sync_error TEXT, 
	PRIMARY KEY (id), 
	FOREIGN KEY(job_id) REFERENCES jobs (id)
)


INFO     sqlalchemy.engine.Engine:base.py:1846 [no key 0.00008s] ()
INFO     sqlalchemy.engine.Engine:base.py:1846 CREATE INDEX ix_invoices_job_id ON invoices (job_id)
INFO     sqlalchemy.engine.Engine:base.py:1846 [no key 0.00006s] ()
INFO     sqlalchemy.engine.Engine:base.py:1846 CREATE INDEX ix_invoices_quickbooks_id ON invoices (quickbooks_id)
INFO     sqlalchemy.engine.Engine:base.py:1846 [no key 0.00006s] ()
INFO     sqlalchemy.engine.Engine:base.py:1846 
CREATE TABLE quotes (
	id INTEGER NOT NULL, 
	customer_id INTEGER NOT NULL, 
	business_id INTEGER NOT NULL, 
	status VARCHAR(8) NOT NULL, 
	total_amount FLOAT NOT NULL, 
	subtotal FLOAT NOT NULL, 
	tax_amount FLOAT NOT NULL, 
	tax_rate FLOAT NOT NULL, 
	title VARCHAR, 
	location VARCHAR, 
	notes TEXT, 
	external_token VARCHAR NOT NULL, 
	blob_url VARCHAR, 
	job_id INTEGER, 
	created_at DATETIME NOT NULL, 
	updated_at DATETIME NOT NULL, 
	quickbooks_id VARCHAR(50), 
	quickbooks_synced_at DATETIME, 
	quickbooks_sync_status VARCHAR(7), 
	quickbooks_sync_error TEXT, 
	PRIMARY KEY (id), 
	FOREIGN KEY(customer_id) REFERENCES customers (id), 
	FOREIGN KEY(business_id) REFERENCES businesses (id), 
	FOREIGN KEY(job_id) REFERENCES jobs (id)
)


INFO     sqlalchemy.engine.Engine:base.py:1846 [no key 0.00008s] ()
INFO     sqlalchemy.engine.Engine:base.py:1846 CREATE UNIQUE INDEX ix_quotes_external_token ON quotes (external_token)
INFO     sqlalchemy.engine.Engine:base.py:1846 [no key 0.00007s] ()
INFO     sqlalchemy.engine.Engine:base.py:1846 CREATE INDEX ix_quotes_quickbooks_id ON quotes (quickbooks_id)
INFO     sqlalchemy.engine.Engine:base.py:1846 [no key 0.00006s] ()
INFO     sqlalchemy.engine.Engine:base.py:1846 CREATE INDEX ix_quotes_business_id ON quotes (business_id)
INFO     sqlalchemy.engine.Engine:base.py:1846 [no key 0.00006s] ()
INFO     sqlalchemy.engine.Engine:base.py:1846 CREATE INDEX ix_quotes_customer_id ON quotes (customer_id)
INFO     sqlalchemy.engine.Engine:base.py:1846 [no key 0.00007s] ()
INFO     sqlalchemy.engine.Engine:base.py:1846 
CREATE TABLE expenses (
	id INTEGER NOT NULL, 
	business_id INTEGER NOT NULL, 
	job_id INTEGER, 
	employee_id INTEGER NOT NULL, 
	amount FLOAT NOT NULL, 
	category VARCHAR(8) NOT NULL, 
	description TEXT, 
	receipt_url VARCHAR, 
	created_at DATETIME NOT NULL, 
	PRIMARY KEY (id), 
	FOREIGN KEY(business_id) REFERENCES businesses (id), 
	FOREIGN KEY(job_id) REFERENCES jobs (id), 
	FOREIGN KEY(employee_id) REFERENCES users (id)
)


INFO     sqlalchemy.engine.Engine:base.py:1846 [no key 0.00007s] ()
INFO     sqlalchemy.engine.Engine:base.py:1846 CREATE INDEX ix_expenses_employee_id ON expenses (employee_id)
INFO     sqlalchemy.engine.Engine:base.py:1846 [no key 0.00007s] ()
INFO     sqlalchemy.engine.Engine:base.py:1846 CREATE INDEX ix_expenses_job_id ON expenses (job_id)
INFO     sqlalchemy.engine.Engine:base.py:1846 [no key 0.00006s] ()
INFO     sqlalchemy.engine.Engine:base.py:1846 CREATE INDEX ix_expenses_business_id ON expenses (business_id)
INFO     sqlalchemy.engine.Engine:base.py:1846 [no key 0.00009s] ()
INFO     sqlalchemy.engine.Engine:base.py:1846 
CREATE TABLE ledger_entries (
	id INTEGER NOT NULL, 
	employee_id INTEGER NOT NULL, 
	amount FLOAT NOT NULL, 
	entry_type VARCHAR(21) NOT NULL, 
	description VARCHAR NOT NULL, 
	job_id INTEGER, 
	created_at DATETIME NOT NULL, 
	PRIMARY KEY (id), 
	FOREIGN KEY(employee_id) REFERENCES users (id), 
	FOREIGN KEY(job_id) REFERENCES jobs (id)
)


INFO     sqlalchemy.engine.Engine:base.py:1846 [no key 0.00007s] ()
INFO     sqlalchemy.engine.Engine:base.py:1846 CREATE INDEX ix_ledger_entries_job_id ON ledger_entries (job_id)
INFO     sqlalchemy.engine.Engine:base.py:1846 [no key 0.00007s] ()
INFO     sqlalchemy.engine.Engine:base.py:1846 CREATE INDEX ix_ledger_entries_employee_id ON ledger_entries (employee_id)
INFO     sqlalchemy.engine.Engine:base.py:1846 [no key 0.00006s] ()
INFO     sqlalchemy.engine.Engine:base.py:1846 
CREATE TABLE quote_line_items (
	id INTEGER NOT NULL, 
	quote_id INTEGER NOT NULL, 
	service_id INTEGER, 
	description VARCHAR NOT NULL, 
	quantity FLOAT NOT NULL, 
	unit_price FLOAT NOT NULL, 
	total FLOAT NOT NULL, 
	PRIMARY KEY (id), 
	FOREIGN KEY(quote_id) REFERENCES quotes (id), 
	FOREIGN KEY(service_id) REFERENCES services (id)
)


INFO     sqlalchemy.engine.Engine:base.py:1846 [no key 0.00007s] ()
INFO     sqlalchemy.engine.Engine:base.py:1846 CREATE INDEX ix_quote_line_items_service_id ON quote_line_items (service_id)
INFO     sqlalchemy.engine.Engine:base.py:1846 [no key 0.00006s] ()
INFO     sqlalchemy.engine.Engine:base.py:1846 CREATE INDEX ix_quote_line_items_quote_id ON quote_line_items (quote_id)
INFO     sqlalchemy.engine.Engine:base.py:1846 [no key 0.00007s] ()
INFO     sqlalchemy.engine.Engine:base.py:1846 
CREATE TABLE payments (
	id INTEGER NOT NULL, 
	invoice_id INTEGER NOT NULL, 
	amount FLOAT NOT NULL, 
	payment_date DATETIME NOT NULL, 
	payment_method VARCHAR(13) NOT NULL, 
	status VARCHAR(9) NOT NULL, 
	created_at DATETIME NOT NULL, 
	quickbooks_id VARCHAR(50), 
	quickbooks_synced_at DATETIME, 
	quickbooks_sync_status VARCHAR(7), 
	quickbooks_sync_error TEXT, 
	PRIMARY KEY (id), 
	FOREIGN KEY(invoice_id) REFERENCES invoices (id)
)


INFO     sqlalchemy.engine.Engine:base.py:1846 [no key 0.00007s] ()
INFO     sqlalchemy.engine.Engine:base.py:1846 CREATE INDEX ix_payments_quickbooks_id ON payments (quickbooks_id)
INFO     sqlalchemy.engine.Engine:base.py:1846 [no key 0.00007s] ()
INFO     sqlalchemy.engine.Engine:base.py:1846 CREATE INDEX ix_payments_invoice_id ON payments (invoice_id)
INFO     sqlalchemy.engine.Engine:base.py:1846 [no key 0.00006s] ()
INFO     sqlalchemy.engine.Engine:base.py:2716 COMMIT
----------------------------- Captured stderr call -----------------------------
INFO:sqlalchemy.engine.Engine:BEGIN (implicit)
INFO:sqlalchemy.engine.Engine:INSERT INTO message_logs (business_id, recipient_phone, content, message_type, status, trigger_source, external_id, log_metadata, created_at, sent_at, error_message) VALUES (?, ?, ?, ?, ?, ?, ?, ?, ?, ?, ?)
INFO:sqlalchemy.engine.Engine:[generated in 0.00028s] (None, '+1234567890', 'Test message', 'WHATSAPP', 'PENDING', 'API', None, 'null', '2026-01-28 14:18:54.808493', None, None)
INFO:sqlalchemy.engine.Engine:COMMIT
INFO:sqlalchemy.engine.Engine:BEGIN (implicit)
INFO:sqlalchemy.engine.Engine:UPDATE message_logs SET status=?, external_id=?, sent_at=? WHERE message_logs.id = ?
INFO:sqlalchemy.engine.Engine:[generated in 0.00021s] ('SENT', 'mock_id', '2026-01-28 14:18:54.810085', 1)
INFO:sqlalchemy.engine.Engine:COMMIT
------------------------------ Captured log call -------------------------------
INFO     sqlalchemy.engine.Engine:base.py:2710 BEGIN (implicit)
INFO     sqlalchemy.engine.Engine:base.py:1846 INSERT INTO message_logs (business_id, recipient_phone, content, message_type, status, trigger_source, external_id, log_metadata, created_at, sent_at, error_message) VALUES (?, ?, ?, ?, ?, ?, ?, ?, ?, ?, ?)
INFO     sqlalchemy.engine.Engine:base.py:1846 [generated in 0.00028s] (None, '+1234567890', 'Test message', 'WHATSAPP', 'PENDING', 'API', None, 'null', '2026-01-28 14:18:54.808493', None, None)
INFO     sqlalchemy.engine.Engine:base.py:2716 COMMIT
INFO     sqlalchemy.engine.Engine:base.py:2710 BEGIN (implicit)
INFO     sqlalchemy.engine.Engine:base.py:1846 UPDATE message_logs SET status=?, external_id=?, sent_at=? WHERE message_logs.id = ?
INFO     sqlalchemy.engine.Engine:base.py:1846 [generated in 0.00021s] ('SENT', 'mock_id', '2026-01-28 14:18:54.810085', 1)
INFO     sqlalchemy.engine.Engine:base.py:2716 COMMIT
--------------------------- Captured stderr teardown ---------------------------
INFO:sqlalchemy.engine.Engine:BEGIN (implicit)
INFO:sqlalchemy.engine.Engine:PRAGMA main.table_info("integration_configs")
INFO:sqlalchemy.engine.Engine:[raw sql] ()
INFO:sqlalchemy.engine.Engine:PRAGMA main.table_info("documents")
INFO:sqlalchemy.engine.Engine:[raw sql] ()
INFO:sqlalchemy.engine.Engine:PRAGMA main.table_info("campaigns")
INFO:sqlalchemy.engine.Engine:[raw sql] ()
INFO:sqlalchemy.engine.Engine:PRAGMA main.table_info("campaign_recipients")
INFO:sqlalchemy.engine.Engine:[raw sql] ()
INFO:sqlalchemy.engine.Engine:PRAGMA main.table_info("whatsapp_templates")
INFO:sqlalchemy.engine.Engine:[raw sql] ()
INFO:sqlalchemy.engine.Engine:PRAGMA main.table_info("businesses")
INFO:sqlalchemy.engine.Engine:[raw sql] ()
INFO:sqlalchemy.engine.Engine:PRAGMA main.table_info("users")
INFO:sqlalchemy.engine.Engine:[raw sql] ()
INFO:sqlalchemy.engine.Engine:PRAGMA main.table_info("services")
INFO:sqlalchemy.engine.Engine:[raw sql] ()
INFO:sqlalchemy.engine.Engine:PRAGMA main.table_info("line_items")
INFO:sqlalchemy.engine.Engine:[raw sql] ()
INFO:sqlalchemy.engine.Engine:PRAGMA main.table_info("customers")
INFO:sqlalchemy.engine.Engine:[raw sql] ()
INFO:sqlalchemy.engine.Engine:PRAGMA main.table_info("customer_availability")
INFO:sqlalchemy.engine.Engine:[raw sql] ()
INFO:sqlalchemy.engine.Engine:PRAGMA main.table_info("jobs")
INFO:sqlalchemy.engine.Engine:[raw sql] ()
INFO:sqlalchemy.engine.Engine:PRAGMA main.table_info("requests")
INFO:sqlalchemy.engine.Engine:[raw sql] ()
INFO:sqlalchemy.engine.Engine:PRAGMA main.table_info("conversation_states")
INFO:sqlalchemy.engine.Engine:[raw sql] ()
INFO:sqlalchemy.engine.Engine:PRAGMA main.table_info("invoices")
INFO:sqlalchemy.engine.Engine:[raw sql] ()
INFO:sqlalchemy.engine.Engine:PRAGMA main.table_info("messages")
INFO:sqlalchemy.engine.Engine:[raw sql] ()
INFO:sqlalchemy.engine.Engine:PRAGMA main.table_info("import_jobs")
INFO:sqlalchemy.engine.Engine:[raw sql] ()
INFO:sqlalchemy.engine.Engine:PRAGMA main.table_info("quotes")
INFO:sqlalchemy.engine.Engine:[raw sql] ()
INFO:sqlalchemy.engine.Engine:PRAGMA main.table_info("quote_line_items")
INFO:sqlalchemy.engine.Engine:[raw sql] ()
INFO:sqlalchemy.engine.Engine:PRAGMA main.table_info("export_requests")
INFO:sqlalchemy.engine.Engine:[raw sql] ()
INFO:sqlalchemy.engine.Engine:PRAGMA main.table_info("message_logs")
INFO:sqlalchemy.engine.Engine:[raw sql] ()
INFO:sqlalchemy.engine.Engine:PRAGMA main.table_info("payments")
INFO:sqlalchemy.engine.Engine:[raw sql] ()
INFO:sqlalchemy.engine.Engine:PRAGMA main.table_info("sync_logs")
INFO:sqlalchemy.engine.Engine:[raw sql] ()
INFO:sqlalchemy.engine.Engine:PRAGMA main.table_info("invitations")
INFO:sqlalchemy.engine.Engine:[raw sql] ()
INFO:sqlalchemy.engine.Engine:PRAGMA main.table_info("wage_configurations")
INFO:sqlalchemy.engine.Engine:[raw sql] ()
INFO:sqlalchemy.engine.Engine:PRAGMA main.table_info("expenses")
INFO:sqlalchemy.engine.Engine:[raw sql] ()
INFO:sqlalchemy.engine.Engine:PRAGMA main.table_info("ledger_entries")
INFO:sqlalchemy.engine.Engine:[raw sql] ()
INFO:sqlalchemy.engine.Engine:
DROP TABLE payments
INFO:sqlalchemy.engine.Engine:[no key 0.00007s] ()
INFO:sqlalchemy.engine.Engine:
DROP TABLE quote_line_items
INFO:sqlalchemy.engine.Engine:[no key 0.00007s] ()
INFO:sqlalchemy.engine.Engine:
DROP TABLE ledger_entries
INFO:sqlalchemy.engine.Engine:[no key 0.00006s] ()
INFO:sqlalchemy.engine.Engine:
DROP TABLE expenses
INFO:sqlalchemy.engine.Engine:[no key 0.00006s] ()
INFO:sqlalchemy.engine.Engine:
DROP TABLE quotes
INFO:sqlalchemy.engine.Engine:[no key 0.00006s] ()
INFO:sqlalchemy.engine.Engine:
DROP TABLE invoices
INFO:sqlalchemy.engine.Engine:[no key 0.00007s] ()
INFO:sqlalchemy.engine.Engine:
DROP TABLE line_items
INFO:sqlalchemy.engine.Engine:[no key 0.00006s] ()
INFO:sqlalchemy.engine.Engine:
DROP TABLE wage_configurations
INFO:sqlalchemy.engine.Engine:[no key 0.00007s] ()
INFO:sqlalchemy.engine.Engine:
DROP TABLE invitations
INFO:sqlalchemy.engine.Engine:[no key 0.00006s] ()
INFO:sqlalchemy.engine.Engine:
DROP TABLE messages
INFO:sqlalchemy.engine.Engine:[no key 0.00008s] ()
INFO:sqlalchemy.engine.Engine:
DROP TABLE conversation_states
INFO:sqlalchemy.engine.Engine:[no key 0.00007s] ()
INFO:sqlalchemy.engine.Engine:
DROP TABLE requests
INFO:sqlalchemy.engine.Engine:[no key 0.00007s] ()
INFO:sqlalchemy.engine.Engine:
DROP TABLE jobs
INFO:sqlalchemy.engine.Engine:[no key 0.00007s] ()
INFO:sqlalchemy.engine.Engine:
DROP TABLE customer_availability
INFO:sqlalchemy.engine.Engine:[no key 0.00007s] ()
INFO:sqlalchemy.engine.Engine:
DROP TABLE campaign_recipients
INFO:sqlalchemy.engine.Engine:[no key 0.00007s] ()
INFO:sqlalchemy.engine.Engine:
DROP TABLE documents
INFO:sqlalchemy.engine.Engine:[no key 0.00006s] ()
INFO:sqlalchemy.engine.Engine:
DROP TABLE sync_logs
INFO:sqlalchemy.engine.Engine:[no key 0.00007s] ()
INFO:sqlalchemy.engine.Engine:
DROP TABLE message_logs
INFO:sqlalchemy.engine.Engine:[no key 0.00007s] ()
INFO:sqlalchemy.engine.Engine:
DROP TABLE export_requests
INFO:sqlalchemy.engine.Engine:[no key 0.00006s] ()
INFO:sqlalchemy.engine.Engine:
DROP TABLE import_jobs
INFO:sqlalchemy.engine.Engine:[no key 0.00006s] ()
INFO:sqlalchemy.engine.Engine:
DROP TABLE customers
INFO:sqlalchemy.engine.Engine:[no key 0.00006s] ()
INFO:sqlalchemy.engine.Engine:
DROP TABLE services
INFO:sqlalchemy.engine.Engine:[no key 0.00007s] ()
INFO:sqlalchemy.engine.Engine:
DROP TABLE users
INFO:sqlalchemy.engine.Engine:[no key 0.00006s] ()
INFO:sqlalchemy.engine.Engine:
DROP TABLE whatsapp_templates
INFO:sqlalchemy.engine.Engine:[no key 0.00011s] ()
INFO:sqlalchemy.engine.Engine:
DROP TABLE campaigns
INFO:sqlalchemy.engine.Engine:[no key 0.00006s] ()
INFO:sqlalchemy.engine.Engine:
DROP TABLE integration_configs
INFO:sqlalchemy.engine.Engine:[no key 0.00007s] ()
INFO:sqlalchemy.engine.Engine:
DROP TABLE businesses
INFO:sqlalchemy.engine.Engine:[no key 0.00006s] ()
INFO:sqlalchemy.engine.Engine:COMMIT
---------------------------- Captured log teardown -----------------------------
INFO     sqlalchemy.engine.Engine:base.py:2710 BEGIN (implicit)
INFO     sqlalchemy.engine.Engine:base.py:1846 PRAGMA main.table_info("integration_configs")
INFO     sqlalchemy.engine.Engine:base.py:1846 [raw sql] ()
INFO     sqlalchemy.engine.Engine:base.py:1846 PRAGMA main.table_info("documents")
INFO     sqlalchemy.engine.Engine:base.py:1846 [raw sql] ()
INFO     sqlalchemy.engine.Engine:base.py:1846 PRAGMA main.table_info("campaigns")
INFO     sqlalchemy.engine.Engine:base.py:1846 [raw sql] ()
INFO     sqlalchemy.engine.Engine:base.py:1846 PRAGMA main.table_info("campaign_recipients")
INFO     sqlalchemy.engine.Engine:base.py:1846 [raw sql] ()
INFO     sqlalchemy.engine.Engine:base.py:1846 PRAGMA main.table_info("whatsapp_templates")
INFO     sqlalchemy.engine.Engine:base.py:1846 [raw sql] ()
INFO     sqlalchemy.engine.Engine:base.py:1846 PRAGMA main.table_info("businesses")
INFO     sqlalchemy.engine.Engine:base.py:1846 [raw sql] ()
INFO     sqlalchemy.engine.Engine:base.py:1846 PRAGMA main.table_info("users")
INFO     sqlalchemy.engine.Engine:base.py:1846 [raw sql] ()
INFO     sqlalchemy.engine.Engine:base.py:1846 PRAGMA main.table_info("services")
INFO     sqlalchemy.engine.Engine:base.py:1846 [raw sql] ()
INFO     sqlalchemy.engine.Engine:base.py:1846 PRAGMA main.table_info("line_items")
INFO     sqlalchemy.engine.Engine:base.py:1846 [raw sql] ()
INFO     sqlalchemy.engine.Engine:base.py:1846 PRAGMA main.table_info("customers")
INFO     sqlalchemy.engine.Engine:base.py:1846 [raw sql] ()
INFO     sqlalchemy.engine.Engine:base.py:1846 PRAGMA main.table_info("customer_availability")
INFO     sqlalchemy.engine.Engine:base.py:1846 [raw sql] ()
INFO     sqlalchemy.engine.Engine:base.py:1846 PRAGMA main.table_info("jobs")
INFO     sqlalchemy.engine.Engine:base.py:1846 [raw sql] ()
INFO     sqlalchemy.engine.Engine:base.py:1846 PRAGMA main.table_info("requests")
INFO     sqlalchemy.engine.Engine:base.py:1846 [raw sql] ()
INFO     sqlalchemy.engine.Engine:base.py:1846 PRAGMA main.table_info("conversation_states")
INFO     sqlalchemy.engine.Engine:base.py:1846 [raw sql] ()
INFO     sqlalchemy.engine.Engine:base.py:1846 PRAGMA main.table_info("invoices")
INFO     sqlalchemy.engine.Engine:base.py:1846 [raw sql] ()
INFO     sqlalchemy.engine.Engine:base.py:1846 PRAGMA main.table_info("messages")
INFO     sqlalchemy.engine.Engine:base.py:1846 [raw sql] ()
INFO     sqlalchemy.engine.Engine:base.py:1846 PRAGMA main.table_info("import_jobs")
INFO     sqlalchemy.engine.Engine:base.py:1846 [raw sql] ()
INFO     sqlalchemy.engine.Engine:base.py:1846 PRAGMA main.table_info("quotes")
INFO     sqlalchemy.engine.Engine:base.py:1846 [raw sql] ()
INFO     sqlalchemy.engine.Engine:base.py:1846 PRAGMA main.table_info("quote_line_items")
INFO     sqlalchemy.engine.Engine:base.py:1846 [raw sql] ()
INFO     sqlalchemy.engine.Engine:base.py:1846 PRAGMA main.table_info("export_requests")
INFO     sqlalchemy.engine.Engine:base.py:1846 [raw sql] ()
INFO     sqlalchemy.engine.Engine:base.py:1846 PRAGMA main.table_info("message_logs")
INFO     sqlalchemy.engine.Engine:base.py:1846 [raw sql] ()
INFO     sqlalchemy.engine.Engine:base.py:1846 PRAGMA main.table_info("payments")
INFO     sqlalchemy.engine.Engine:base.py:1846 [raw sql] ()
INFO     sqlalchemy.engine.Engine:base.py:1846 PRAGMA main.table_info("sync_logs")
INFO     sqlalchemy.engine.Engine:base.py:1846 [raw sql] ()
INFO     sqlalchemy.engine.Engine:base.py:1846 PRAGMA main.table_info("invitations")
INFO     sqlalchemy.engine.Engine:base.py:1846 [raw sql] ()
INFO     sqlalchemy.engine.Engine:base.py:1846 PRAGMA main.table_info("wage_configurations")
INFO     sqlalchemy.engine.Engine:base.py:1846 [raw sql] ()
INFO     sqlalchemy.engine.Engine:base.py:1846 PRAGMA main.table_info("expenses")
INFO     sqlalchemy.engine.Engine:base.py:1846 [raw sql] ()
INFO     sqlalchemy.engine.Engine:base.py:1846 PRAGMA main.table_info("ledger_entries")
INFO     sqlalchemy.engine.Engine:base.py:1846 [raw sql] ()
INFO     sqlalchemy.engine.Engine:base.py:1846 
DROP TABLE payments
INFO     sqlalchemy.engine.Engine:base.py:1846 [no key 0.00007s] ()
INFO     sqlalchemy.engine.Engine:base.py:1846 
DROP TABLE quote_line_items
INFO     sqlalchemy.engine.Engine:base.py:1846 [no key 0.00007s] ()
INFO     sqlalchemy.engine.Engine:base.py:1846 
DROP TABLE ledger_entries
INFO     sqlalchemy.engine.Engine:base.py:1846 [no key 0.00006s] ()
INFO     sqlalchemy.engine.Engine:base.py:1846 
DROP TABLE expenses
INFO     sqlalchemy.engine.Engine:base.py:1846 [no key 0.00006s] ()
INFO     sqlalchemy.engine.Engine:base.py:1846 
DROP TABLE quotes
INFO     sqlalchemy.engine.Engine:base.py:1846 [no key 0.00006s] ()
INFO     sqlalchemy.engine.Engine:base.py:1846 
DROP TABLE invoices
INFO     sqlalchemy.engine.Engine:base.py:1846 [no key 0.00007s] ()
INFO     sqlalchemy.engine.Engine:base.py:1846 
DROP TABLE line_items
INFO     sqlalchemy.engine.Engine:base.py:1846 [no key 0.00006s] ()
INFO     sqlalchemy.engine.Engine:base.py:1846 
DROP TABLE wage_configurations
INFO     sqlalchemy.engine.Engine:base.py:1846 [no key 0.00007s] ()
INFO     sqlalchemy.engine.Engine:base.py:1846 
DROP TABLE invitations
INFO     sqlalchemy.engine.Engine:base.py:1846 [no key 0.00006s] ()
INFO     sqlalchemy.engine.Engine:base.py:1846 
DROP TABLE messages
INFO     sqlalchemy.engine.Engine:base.py:1846 [no key 0.00008s] ()
INFO     sqlalchemy.engine.Engine:base.py:1846 
DROP TABLE conversation_states
INFO     sqlalchemy.engine.Engine:base.py:1846 [no key 0.00007s] ()
INFO     sqlalchemy.engine.Engine:base.py:1846 
DROP TABLE requests
INFO     sqlalchemy.engine.Engine:base.py:1846 [no key 0.00007s] ()
INFO     sqlalchemy.engine.Engine:base.py:1846 
DROP TABLE jobs
INFO     sqlalchemy.engine.Engine:base.py:1846 [no key 0.00007s] ()
INFO     sqlalchemy.engine.Engine:base.py:1846 
DROP TABLE customer_availability
INFO     sqlalchemy.engine.Engine:base.py:1846 [no key 0.00007s] ()
INFO     sqlalchemy.engine.Engine:base.py:1846 
DROP TABLE campaign_recipients
INFO     sqlalchemy.engine.Engine:base.py:1846 [no key 0.00007s] ()
INFO     sqlalchemy.engine.Engine:base.py:1846 
DROP TABLE documents
INFO     sqlalchemy.engine.Engine:base.py:1846 [no key 0.00006s] ()
INFO     sqlalchemy.engine.Engine:base.py:1846 
DROP TABLE sync_logs
INFO     sqlalchemy.engine.Engine:base.py:1846 [no key 0.00007s] ()
INFO     sqlalchemy.engine.Engine:base.py:1846 
DROP TABLE message_logs
INFO     sqlalchemy.engine.Engine:base.py:1846 [no key 0.00007s] ()
INFO     sqlalchemy.engine.Engine:base.py:1846 
DROP TABLE export_requests
INFO     sqlalchemy.engine.Engine:base.py:1846 [no key 0.00006s] ()
INFO     sqlalchemy.engine.Engine:base.py:1846 
DROP TABLE import_jobs
INFO     sqlalchemy.engine.Engine:base.py:1846 [no key 0.00006s] ()
INFO     sqlalchemy.engine.Engine:base.py:1846 
DROP TABLE customers
INFO     sqlalchemy.engine.Engine:base.py:1846 [no key 0.00006s] ()
INFO     sqlalchemy.engine.Engine:base.py:1846 
DROP TABLE services
INFO     sqlalchemy.engine.Engine:base.py:1846 [no key 0.00007s] ()
INFO     sqlalchemy.engine.Engine:base.py:1846 
DROP TABLE users
INFO     sqlalchemy.engine.Engine:base.py:1846 [no key 0.00006s] ()
INFO     sqlalchemy.engine.Engine:base.py:1846 
DROP TABLE whatsapp_templates
INFO     sqlalchemy.engine.Engine:base.py:1846 [no key 0.00011s] ()
INFO     sqlalchemy.engine.Engine:base.py:1846 
DROP TABLE campaigns
INFO     sqlalchemy.engine.Engine:base.py:1846 [no key 0.00006s] ()
INFO     sqlalchemy.engine.Engine:base.py:1846 
DROP TABLE integration_configs
INFO     sqlalchemy.engine.Engine:base.py:1846 [no key 0.00007s] ()
INFO     sqlalchemy.engine.Engine:base.py:1846 
DROP TABLE businesses
INFO     sqlalchemy.engine.Engine:base.py:1846 [no key 0.00006s] ()
INFO     sqlalchemy.engine.Engine:base.py:2716 COMMIT
=============================== warnings summary ===============================
tests/test_messaging_service.py::test_process_queue
  /home/maksym/Work/proj/HereCRM-combined/HereCRM/src/services/messaging_service.py:63: RuntimeWarning: coroutine 'AsyncMockMixin._execute_mock_call' was never awaited
    db.add(message_log)
  Enable tracemalloc to get traceback where the object was allocated.
  See https://docs.pytest.org/en/stable/how-to/capture-warnings.html#resource-warnings for more info.

-- Docs: https://docs.pytest.org/en/stable/how-to/capture-warnings.html
=========================== short test summary info ============================
FAILED tests/test_messaging_service.py::test_send_message_creates_message_log
==================== 1 failed, 8 passed, 1 warning in 1.40s ====================
