============================= test session starts ==============================
platform linux -- Python 3.12.3, pytest-9.0.2, pluggy-1.6.0
rootdir: /home/maksym/Work/proj/HereCRM-combined/HereCRM
configfile: pyproject.toml
plugins: hypothesis-6.151.3, anyio-4.12.1, asyncio-1.3.0, schemathesis-4.9.4
asyncio: mode=Mode.AUTO, debug=False, asyncio_default_fixture_loop_scope=function, asyncio_default_test_loop_scope=function
collected 62 items / 57 deselected / 5 selected

tests/llm/test_llm_validation.py .....                                   [100%]WARNING:urllib3.connectionpool:Retrying (Retry(total=1, connect=1, read=2, redirect=None, status=None)) after connection broken by 'NameResolutionError("HTTPSConnection(host='dummy.host', port=443): Failed to resolve 'dummy.host' ([Errno -2] Name or service not known)")': /batch/
WARNING:urllib3.connectionpool:Retrying (Retry(total=0, connect=0, read=2, redirect=None, status=None)) after connection broken by 'NameResolutionError("HTTPSConnection(host='dummy.host', port=443): Failed to resolve 'dummy.host' ([Errno -2] Name or service not known)")': /batch/


=============================== warnings summary ===============================
tests/llm/test_llm_validation.py::test_llm_parsing[spec-008-injection-guard]
tests/llm/test_llm_validation.py::test_llm_parsing[spec-008-injection-guard]
tests/llm/test_llm_validation.py::test_llm_parsing[spec-008-instruction-leak]
tests/llm/test_llm_validation.py::test_llm_parsing[spec-008-why-query]
tests/llm/test_llm_validation.py::test_llm_parsing[spec-008-how-to-query]
tests/llm/test_llm_validation.py::test_llm_parsing[spec-008-how-to-query-no-prefix]
  /home/maksym/Work/proj/HereCRM-combined/HereCRM/src/llm_client.py:519: PydanticDeprecatedSince20: The `dict` method is deprecated; use `model_dump` instead. Deprecated in Pydantic V2.0 to be removed in V3.0. See Pydantic V2 Migration Guide at https://errors.pydantic.dev/2.12/migration/
    "message": choice.message.dict(),

-- Docs: https://docs.pytest.org/en/stable/how-to/capture-warnings.html
================ 5 passed, 57 deselected, 6 warnings in 11.62s =================
--- Logging error ---
Traceback (most recent call last):
  File "/home/maksym/Work/proj/HereCRM-combined/HereCRM/.venv/lib/python3.12/site-packages/urllib3/connection.py", line 204, in _new_conn
    sock = connection.create_connection(
           ^^^^^^^^^^^^^^^^^^^^^^^^^^^^^
  File "/home/maksym/Work/proj/HereCRM-combined/HereCRM/.venv/lib/python3.12/site-packages/urllib3/util/connection.py", line 60, in create_connection
    for res in socket.getaddrinfo(host, port, family, socket.SOCK_STREAM):
               ^^^^^^^^^^^^^^^^^^^^^^^^^^^^^^^^^^^^^^^^^^^^^^^^^^^^^^^^^^
  File "/usr/lib/python3.12/socket.py", line 963, in getaddrinfo
    for res in _socket.getaddrinfo(host, port, family, type, proto, flags):
               ^^^^^^^^^^^^^^^^^^^^^^^^^^^^^^^^^^^^^^^^^^^^^^^^^^^^^^^^^^^
socket.gaierror: [Errno -2] Name or service not known

The above exception was the direct cause of the following exception:

Traceback (most recent call last):
  File "/home/maksym/Work/proj/HereCRM-combined/HereCRM/.venv/lib/python3.12/site-packages/urllib3/connectionpool.py", line 787, in urlopen
    response = self._make_request(
               ^^^^^^^^^^^^^^^^^^^
  File "/home/maksym/Work/proj/HereCRM-combined/HereCRM/.venv/lib/python3.12/site-packages/urllib3/connectionpool.py", line 488, in _make_request
    raise new_e
  File "/home/maksym/Work/proj/HereCRM-combined/HereCRM/.venv/lib/python3.12/site-packages/urllib3/connectionpool.py", line 464, in _make_request
    self._validate_conn(conn)
  File "/home/maksym/Work/proj/HereCRM-combined/HereCRM/.venv/lib/python3.12/site-packages/urllib3/connectionpool.py", line 1093, in _validate_conn
    conn.connect()
  File "/home/maksym/Work/proj/HereCRM-combined/HereCRM/.venv/lib/python3.12/site-packages/urllib3/connection.py", line 759, in connect
    self.sock = sock = self._new_conn()
                       ^^^^^^^^^^^^^^^^
  File "/home/maksym/Work/proj/HereCRM-combined/HereCRM/.venv/lib/python3.12/site-packages/urllib3/connection.py", line 211, in _new_conn
    raise NameResolutionError(self.host, self, e) from e
urllib3.exceptions.NameResolutionError: HTTPSConnection(host='dummy.host', port=443): Failed to resolve 'dummy.host' ([Errno -2] Name or service not known)

The above exception was the direct cause of the following exception:

Traceback (most recent call last):
  File "/home/maksym/Work/proj/HereCRM-combined/HereCRM/.venv/lib/python3.12/site-packages/requests/adapters.py", line 644, in send
    resp = conn.urlopen(
           ^^^^^^^^^^^^^
  File "/home/maksym/Work/proj/HereCRM-combined/HereCRM/.venv/lib/python3.12/site-packages/urllib3/connectionpool.py", line 871, in urlopen
    return self.urlopen(
           ^^^^^^^^^^^^^
  File "/home/maksym/Work/proj/HereCRM-combined/HereCRM/.venv/lib/python3.12/site-packages/urllib3/connectionpool.py", line 871, in urlopen
    return self.urlopen(
           ^^^^^^^^^^^^^
  File "/home/maksym/Work/proj/HereCRM-combined/HereCRM/.venv/lib/python3.12/site-packages/urllib3/connectionpool.py", line 841, in urlopen
    retries = retries.increment(
              ^^^^^^^^^^^^^^^^^^
  File "/home/maksym/Work/proj/HereCRM-combined/HereCRM/.venv/lib/python3.12/site-packages/urllib3/util/retry.py", line 535, in increment
    raise MaxRetryError(_pool, url, reason) from reason  # type: ignore[arg-type]
    ^^^^^^^^^^^^^^^^^^^^^^^^^^^^^^^^^^^^^^^^^^^^^^^^^^^
urllib3.exceptions.MaxRetryError: HTTPSConnectionPool(host='dummy.host', port=443): Max retries exceeded with url: /batch/ (Caused by NameResolutionError("HTTPSConnection(host='dummy.host', port=443): Failed to resolve 'dummy.host' ([Errno -2] Name or service not known)"))

During handling of the above exception, another exception occurred:

Traceback (most recent call last):
  File "/home/maksym/Work/proj/HereCRM-combined/HereCRM/.venv/lib/python3.12/site-packages/backoff/_sync.py", line 105, in retry
    ret = target(*args, **kwargs)
          ^^^^^^^^^^^^^^^^^^^^^^^
  File "/home/maksym/Work/proj/HereCRM-combined/HereCRM/.venv/lib/python3.12/site-packages/posthog/consumer.py", line 147, in send_request
    batch_post(
  File "/home/maksym/Work/proj/HereCRM-combined/HereCRM/.venv/lib/python3.12/site-packages/posthog/request.py", line 305, in batch_post
    res = post(api_key, host, "/batch/", gzip, timeout, **kwargs)
          ^^^^^^^^^^^^^^^^^^^^^^^^^^^^^^^^^^^^^^^^^^^^^^^^^^^^^^^
  File "/home/maksym/Work/proj/HereCRM-combined/HereCRM/.venv/lib/python3.12/site-packages/posthog/request.py", line 207, in post
    res = (session or _get_session()).post(
          ^^^^^^^^^^^^^^^^^^^^^^^^^^^^^^^^^
  File "/home/maksym/Work/proj/HereCRM-combined/HereCRM/.venv/lib/python3.12/site-packages/requests/sessions.py", line 637, in post
    return self.request("POST", url, data=data, json=json, **kwargs)
           ^^^^^^^^^^^^^^^^^^^^^^^^^^^^^^^^^^^^^^^^^^^^^^^^^^^^^^^^^
  File "/home/maksym/Work/proj/HereCRM-combined/HereCRM/.venv/lib/python3.12/site-packages/requests/sessions.py", line 589, in request
    resp = self.send(prep, **send_kwargs)
           ^^^^^^^^^^^^^^^^^^^^^^^^^^^^^^
  File "/home/maksym/Work/proj/HereCRM-combined/HereCRM/.venv/lib/python3.12/site-packages/requests/sessions.py", line 703, in send
    r = adapter.send(request, **kwargs)
        ^^^^^^^^^^^^^^^^^^^^^^^^^^^^^^^
  File "/home/maksym/Work/proj/HereCRM-combined/HereCRM/.venv/lib/python3.12/site-packages/requests/adapters.py", line 677, in send
    raise ConnectionError(e, request=request)
requests.exceptions.ConnectionError: HTTPSConnectionPool(host='dummy.host', port=443): Max retries exceeded with url: /batch/ (Caused by NameResolutionError("HTTPSConnection(host='dummy.host', port=443): Failed to resolve 'dummy.host' ([Errno -2] Name or service not known)"))

During handling of the above exception, another exception occurred:

Traceback (most recent call last):
  File "/usr/lib/python3.12/logging/__init__.py", line 1163, in emit
    stream.write(msg + self.terminator)
ValueError: I/O operation on closed file.
Call stack:
  File "/usr/lib/python3.12/threading.py", line 1030, in _bootstrap
    self._bootstrap_inner()
  File "/usr/lib/python3.12/threading.py", line 1073, in _bootstrap_inner
    self.run()
  File "/home/maksym/Work/proj/HereCRM-combined/HereCRM/.venv/lib/python3.12/site-packages/posthog/consumer.py", line 65, in run
    self.upload()
  File "/home/maksym/Work/proj/HereCRM-combined/HereCRM/.venv/lib/python3.12/site-packages/posthog/consumer.py", line 81, in upload
    self.request(batch)
  File "/home/maksym/Work/proj/HereCRM-combined/HereCRM/.venv/lib/python3.12/site-packages/posthog/consumer.py", line 156, in request
    send_request()
  File "/home/maksym/Work/proj/HereCRM-combined/HereCRM/.venv/lib/python3.12/site-packages/backoff/_sync.py", line 112, in retry
    _call_handlers(on_giveup, **details, exception=e)
  File "/home/maksym/Work/proj/HereCRM-combined/HereCRM/.venv/lib/python3.12/site-packages/backoff/_sync.py", line 20, in _call_handlers
    hdlr(details)
  File "/home/maksym/Work/proj/HereCRM-combined/HereCRM/.venv/lib/python3.12/site-packages/backoff/_common.py", line 120, in _log_giveup
    logger.log(log_level, msg, *log_args)
Message: 'Giving up %s(...) after %d tries (%s)'
Arguments: ('send_request', 4, 'requests.exceptions.ConnectionError: HTTPSConnectionPool(host=\'dummy.host\', port=443): Max retries exceeded with url: /batch/ (Caused by NameResolutionError("HTTPSConnection(host=\'dummy.host\', port=443): Failed to resolve \'dummy.host\' ([Errno -2] Name or service not known)"))')
--- Logging error ---
Traceback (most recent call last):
  File "/home/maksym/Work/proj/HereCRM-combined/HereCRM/.venv/lib/python3.12/site-packages/urllib3/connection.py", line 204, in _new_conn
    sock = connection.create_connection(
           ^^^^^^^^^^^^^^^^^^^^^^^^^^^^^
  File "/home/maksym/Work/proj/HereCRM-combined/HereCRM/.venv/lib/python3.12/site-packages/urllib3/util/connection.py", line 60, in create_connection
    for res in socket.getaddrinfo(host, port, family, socket.SOCK_STREAM):
               ^^^^^^^^^^^^^^^^^^^^^^^^^^^^^^^^^^^^^^^^^^^^^^^^^^^^^^^^^^
  File "/usr/lib/python3.12/socket.py", line 963, in getaddrinfo
    for res in _socket.getaddrinfo(host, port, family, type, proto, flags):
               ^^^^^^^^^^^^^^^^^^^^^^^^^^^^^^^^^^^^^^^^^^^^^^^^^^^^^^^^^^^
socket.gaierror: [Errno -2] Name or service not known

The above exception was the direct cause of the following exception:

Traceback (most recent call last):
  File "/home/maksym/Work/proj/HereCRM-combined/HereCRM/.venv/lib/python3.12/site-packages/urllib3/connectionpool.py", line 787, in urlopen
    response = self._make_request(
               ^^^^^^^^^^^^^^^^^^^
  File "/home/maksym/Work/proj/HereCRM-combined/HereCRM/.venv/lib/python3.12/site-packages/urllib3/connectionpool.py", line 488, in _make_request
    raise new_e
  File "/home/maksym/Work/proj/HereCRM-combined/HereCRM/.venv/lib/python3.12/site-packages/urllib3/connectionpool.py", line 464, in _make_request
    self._validate_conn(conn)
  File "/home/maksym/Work/proj/HereCRM-combined/HereCRM/.venv/lib/python3.12/site-packages/urllib3/connectionpool.py", line 1093, in _validate_conn
    conn.connect()
  File "/home/maksym/Work/proj/HereCRM-combined/HereCRM/.venv/lib/python3.12/site-packages/urllib3/connection.py", line 759, in connect
    self.sock = sock = self._new_conn()
                       ^^^^^^^^^^^^^^^^
  File "/home/maksym/Work/proj/HereCRM-combined/HereCRM/.venv/lib/python3.12/site-packages/urllib3/connection.py", line 211, in _new_conn
    raise NameResolutionError(self.host, self, e) from e
urllib3.exceptions.NameResolutionError: HTTPSConnection(host='dummy.host', port=443): Failed to resolve 'dummy.host' ([Errno -2] Name or service not known)

The above exception was the direct cause of the following exception:

Traceback (most recent call last):
  File "/home/maksym/Work/proj/HereCRM-combined/HereCRM/.venv/lib/python3.12/site-packages/requests/adapters.py", line 644, in send
    resp = conn.urlopen(
           ^^^^^^^^^^^^^
  File "/home/maksym/Work/proj/HereCRM-combined/HereCRM/.venv/lib/python3.12/site-packages/urllib3/connectionpool.py", line 871, in urlopen
    return self.urlopen(
           ^^^^^^^^^^^^^
  File "/home/maksym/Work/proj/HereCRM-combined/HereCRM/.venv/lib/python3.12/site-packages/urllib3/connectionpool.py", line 871, in urlopen
    return self.urlopen(
           ^^^^^^^^^^^^^
  File "/home/maksym/Work/proj/HereCRM-combined/HereCRM/.venv/lib/python3.12/site-packages/urllib3/connectionpool.py", line 841, in urlopen
    retries = retries.increment(
              ^^^^^^^^^^^^^^^^^^
  File "/home/maksym/Work/proj/HereCRM-combined/HereCRM/.venv/lib/python3.12/site-packages/urllib3/util/retry.py", line 535, in increment
    raise MaxRetryError(_pool, url, reason) from reason  # type: ignore[arg-type]
    ^^^^^^^^^^^^^^^^^^^^^^^^^^^^^^^^^^^^^^^^^^^^^^^^^^^
urllib3.exceptions.MaxRetryError: HTTPSConnectionPool(host='dummy.host', port=443): Max retries exceeded with url: /batch/ (Caused by NameResolutionError("HTTPSConnection(host='dummy.host', port=443): Failed to resolve 'dummy.host' ([Errno -2] Name or service not known)"))

During handling of the above exception, another exception occurred:

Traceback (most recent call last):
  File "/home/maksym/Work/proj/HereCRM-combined/HereCRM/.venv/lib/python3.12/site-packages/posthog/consumer.py", line 81, in upload
    self.request(batch)
  File "/home/maksym/Work/proj/HereCRM-combined/HereCRM/.venv/lib/python3.12/site-packages/posthog/consumer.py", line 156, in request
    send_request()
  File "/home/maksym/Work/proj/HereCRM-combined/HereCRM/.venv/lib/python3.12/site-packages/backoff/_sync.py", line 105, in retry
    ret = target(*args, **kwargs)
          ^^^^^^^^^^^^^^^^^^^^^^^
  File "/home/maksym/Work/proj/HereCRM-combined/HereCRM/.venv/lib/python3.12/site-packages/posthog/consumer.py", line 147, in send_request
    batch_post(
  File "/home/maksym/Work/proj/HereCRM-combined/HereCRM/.venv/lib/python3.12/site-packages/posthog/request.py", line 305, in batch_post
    res = post(api_key, host, "/batch/", gzip, timeout, **kwargs)
          ^^^^^^^^^^^^^^^^^^^^^^^^^^^^^^^^^^^^^^^^^^^^^^^^^^^^^^^
  File "/home/maksym/Work/proj/HereCRM-combined/HereCRM/.venv/lib/python3.12/site-packages/posthog/request.py", line 207, in post
    res = (session or _get_session()).post(
          ^^^^^^^^^^^^^^^^^^^^^^^^^^^^^^^^^
  File "/home/maksym/Work/proj/HereCRM-combined/HereCRM/.venv/lib/python3.12/site-packages/requests/sessions.py", line 637, in post
    return self.request("POST", url, data=data, json=json, **kwargs)
           ^^^^^^^^^^^^^^^^^^^^^^^^^^^^^^^^^^^^^^^^^^^^^^^^^^^^^^^^^
  File "/home/maksym/Work/proj/HereCRM-combined/HereCRM/.venv/lib/python3.12/site-packages/requests/sessions.py", line 589, in request
    resp = self.send(prep, **send_kwargs)
           ^^^^^^^^^^^^^^^^^^^^^^^^^^^^^^
  File "/home/maksym/Work/proj/HereCRM-combined/HereCRM/.venv/lib/python3.12/site-packages/requests/sessions.py", line 703, in send
    r = adapter.send(request, **kwargs)
        ^^^^^^^^^^^^^^^^^^^^^^^^^^^^^^^
  File "/home/maksym/Work/proj/HereCRM-combined/HereCRM/.venv/lib/python3.12/site-packages/requests/adapters.py", line 677, in send
    raise ConnectionError(e, request=request)
requests.exceptions.ConnectionError: HTTPSConnectionPool(host='dummy.host', port=443): Max retries exceeded with url: /batch/ (Caused by NameResolutionError("HTTPSConnection(host='dummy.host', port=443): Failed to resolve 'dummy.host' ([Errno -2] Name or service not known)"))

During handling of the above exception, another exception occurred:

Traceback (most recent call last):
  File "/usr/lib/python3.12/logging/__init__.py", line 1163, in emit
    stream.write(msg + self.terminator)
ValueError: I/O operation on closed file.
Call stack:
  File "/usr/lib/python3.12/threading.py", line 1030, in _bootstrap
    self._bootstrap_inner()
  File "/usr/lib/python3.12/threading.py", line 1073, in _bootstrap_inner
    self.run()
  File "/home/maksym/Work/proj/HereCRM-combined/HereCRM/.venv/lib/python3.12/site-packages/posthog/consumer.py", line 65, in run
    self.upload()
  File "/home/maksym/Work/proj/HereCRM-combined/HereCRM/.venv/lib/python3.12/site-packages/posthog/consumer.py", line 84, in upload
    self.log.error("error uploading: %s", e)
Message: 'error uploading: %s'
Arguments: (ConnectionError(MaxRetryError('HTTPSConnectionPool(host=\'dummy.host\', port=443): Max retries exceeded with url: /batch/ (Caused by NameResolutionError("HTTPSConnection(host=\'dummy.host\', port=443): Failed to resolve \'dummy.host\' ([Errno -2] Name or service not known)"))')),)
