============================= test session starts ==============================
platform linux -- Python 3.12.12, pytest-9.0.2, pluggy-1.6.0
rootdir: /app
configfile: pyproject.toml
plugins: schemathesis-4.9.4, hypothesis-6.151.3, asyncio-1.3.0, anyio-4.12.1
asyncio: mode=Mode.AUTO, debug=False, asyncio_default_fixture_loop_scope=function, asyncio_default_test_loop_scope=function
collected 7 items

tests/test_calendar_reassignment_bug.py .                                [ 14%]
tests/test_assignment_logic.py .....                                     [ 85%]
tests/test_invoice_lazy_load_bug.py .                                    [100%]

============================== 7 passed in 5.88s ===============================
